This is pdfTeX, Version 3.14159265-2.6-1.40.21 (TeX Live 2020) (preloaded format=pdflatex 2020.4.7)  27 NOV 2022 21:22
entering extended mode
 restricted \write18 enabled.
 %&-line parsing enabled.
**SurveySamplingDesignReview_Par1
(./SurveySamplingDesignReview_Par1.tex
LaTeX2e <2020-02-02> patch level 5
L3 programming layer <2020-03-06>
(/usr/local/texlive/2020/texmf-dist/tex/latex/beamer/beamer.cls
Document Class: beamer 2019/09/29 v3.57 A class for typesetting presentations
(/usr/local/texlive/2020/texmf-dist/tex/latex/beamer/beamerbasemodes.sty
(/usr/local/texlive/2020/texmf-dist/tex/latex/etoolbox/etoolbox.sty
Package: etoolbox 2019/09/21 v2.5h e-TeX tools for LaTeX (JAW)
\etb@tempcnta=\count167
)
\beamer@tempbox=\box45
\beamer@tempcount=\count168
\c@beamerpauses=\count169

(/usr/local/texlive/2020/texmf-dist/tex/latex/beamer/beamerbasedecode.sty
\beamer@slideinframe=\count170
\beamer@minimum=\count171
\beamer@decode@box=\box46
)
\beamer@commentbox=\box47
\beamer@modecount=\count172
)
(/usr/local/texlive/2020/texmf-dist/tex/generic/iftex/ifpdf.sty
Package: ifpdf 2019/10/25 v3.4 ifpdf legacy package. Use iftex instead.

(/usr/local/texlive/2020/texmf-dist/tex/generic/iftex/iftex.sty
Package: iftex 2020/03/06 v1.0d TeX engine tests
))
\headdp=\dimen134
\footheight=\dimen135
\sidebarheight=\dimen136
\beamer@tempdim=\dimen137
\beamer@finalheight=\dimen138
\beamer@animht=\dimen139
\beamer@animdp=\dimen140
\beamer@animwd=\dimen141
\beamer@leftmargin=\dimen142
\beamer@rightmargin=\dimen143
\beamer@leftsidebar=\dimen144
\beamer@rightsidebar=\dimen145
\beamer@boxsize=\dimen146
\beamer@vboxoffset=\dimen147
\beamer@descdefault=\dimen148
\beamer@descriptionwidth=\dimen149
\beamer@lastskip=\skip47
\beamer@areabox=\box48
\beamer@animcurrent=\box49
\beamer@animshowbox=\box50
\beamer@sectionbox=\box51
\beamer@logobox=\box52
\beamer@linebox=\box53
\beamer@sectioncount=\count173
\beamer@subsubsectionmax=\count174
\beamer@subsectionmax=\count175
\beamer@sectionmax=\count176
\beamer@totalheads=\count177
\beamer@headcounter=\count178
\beamer@partstartpage=\count179
\beamer@sectionstartpage=\count180
\beamer@subsectionstartpage=\count181
\beamer@animationtempa=\count182
\beamer@animationtempb=\count183
\beamer@xpos=\count184
\beamer@ypos=\count185
\beamer@ypos@offset=\count186
\beamer@showpartnumber=\count187
\beamer@currentsubsection=\count188
\beamer@coveringdepth=\count189
\beamer@sectionadjust=\count190
\beamer@tocsectionnumber=\count191

(/usr/local/texlive/2020/texmf-dist/tex/latex/beamer/beamerbaseoptions.sty
(/usr/local/texlive/2020/texmf-dist/tex/latex/graphics/keyval.sty
Package: keyval 2014/10/28 v1.15 key=value parser (DPC)
\KV@toks@=\toks15
))
\beamer@paperwidth=\skip48
\beamer@paperheight=\skip49

(/usr/local/texlive/2020/texmf-dist/tex/latex/geometry/geometry.sty
Package: geometry 2020/01/02 v5.9 Page Geometry

(/usr/local/texlive/2020/texmf-dist/tex/generic/iftex/ifvtex.sty
Package: ifvtex 2019/10/25 v1.7 ifvtex legacy package. Use iftex instead.
)
\Gm@cnth=\count192
\Gm@cntv=\count193
\c@Gm@tempcnt=\count194
\Gm@bindingoffset=\dimen150
\Gm@wd@mp=\dimen151
\Gm@odd@mp=\dimen152
\Gm@even@mp=\dimen153
\Gm@layoutwidth=\dimen154
\Gm@layoutheight=\dimen155
\Gm@layouthoffset=\dimen156
\Gm@layoutvoffset=\dimen157
\Gm@dimlist=\toks16
)
(/usr/local/texlive/2020/texmf-dist/tex/latex/base/size10.clo
File: size10.clo 2019/12/20 v1.4l Standard LaTeX file (size option)
)
(/usr/local/texlive/2020/texmf-dist/tex/latex/pgf/basiclayer/pgfcore.sty
(/usr/local/texlive/2020/texmf-dist/tex/latex/graphics/graphicx.sty
Package: graphicx 2019/11/30 v1.2a Enhanced LaTeX Graphics (DPC,SPQR)

(/usr/local/texlive/2020/texmf-dist/tex/latex/graphics/graphics.sty
Package: graphics 2019/11/30 v1.4a Standard LaTeX Graphics (DPC,SPQR)

(/usr/local/texlive/2020/texmf-dist/tex/latex/graphics/trig.sty
Package: trig 2016/01/03 v1.10 sin cos tan (DPC)
)
(/usr/local/texlive/2020/texmf-dist/tex/latex/graphics-cfg/graphics.cfg
File: graphics.cfg 2016/06/04 v1.11 sample graphics configuration
)
Package graphics Info: Driver file: pdftex.def on input line 105.

(/usr/local/texlive/2020/texmf-dist/tex/latex/graphics-def/pdftex.def
File: pdftex.def 2018/01/08 v1.0l Graphics/color driver for pdftex
))
\Gin@req@height=\dimen158
\Gin@req@width=\dimen159
)
(/usr/local/texlive/2020/texmf-dist/tex/latex/pgf/systemlayer/pgfsys.sty
(/usr/local/texlive/2020/texmf-dist/tex/latex/pgf/utilities/pgfrcs.sty
(/usr/local/texlive/2020/texmf-dist/tex/generic/pgf/utilities/pgfutil-common.te
x
\pgfutil@everybye=\toks17
\pgfutil@tempdima=\dimen160
\pgfutil@tempdimb=\dimen161

(/usr/local/texlive/2020/texmf-dist/tex/generic/pgf/utilities/pgfutil-common-li
sts.tex))
(/usr/local/texlive/2020/texmf-dist/tex/generic/pgf/utilities/pgfutil-latex.def
\pgfutil@abb=\box54
(/usr/local/texlive/2020/texmf-dist/tex/latex/ms/everyshi.sty
Package: everyshi 2001/05/15 v3.00 EveryShipout Package (MS)
))
(/usr/local/texlive/2020/texmf-dist/tex/generic/pgf/utilities/pgfrcs.code.tex
(/usr/local/texlive/2020/texmf-dist/tex/generic/pgf/pgf.revision.tex)
Package: pgfrcs 2020/01/08 v3.1.5b (3.1.5b)
))
(/usr/local/texlive/2020/texmf-dist/tex/generic/pgf/systemlayer/pgfsys.code.tex
Package: pgfsys 2020/01/08 v3.1.5b (3.1.5b)
(/usr/local/texlive/2020/texmf-dist/tex/generic/pgf/utilities/pgfkeys.code.tex
\pgfkeys@pathtoks=\toks18
\pgfkeys@temptoks=\toks19

(/usr/local/texlive/2020/texmf-dist/tex/generic/pgf/utilities/pgfkeysfiltered.c
ode.tex
\pgfkeys@tmptoks=\toks20
))
\pgf@x=\dimen162
\pgf@y=\dimen163
\pgf@xa=\dimen164
\pgf@ya=\dimen165
\pgf@xb=\dimen166
\pgf@yb=\dimen167
\pgf@xc=\dimen168
\pgf@yc=\dimen169
\pgf@xd=\dimen170
\pgf@yd=\dimen171
\w@pgf@writea=\write3
\r@pgf@reada=\read2
\c@pgf@counta=\count195
\c@pgf@countb=\count196
\c@pgf@countc=\count197
\c@pgf@countd=\count198
\t@pgf@toka=\toks21
\t@pgf@tokb=\toks22
\t@pgf@tokc=\toks23
\pgf@sys@id@count=\count199

(/usr/local/texlive/2020/texmf-dist/tex/generic/pgf/systemlayer/pgf.cfg
File: pgf.cfg 2020/01/08 v3.1.5b (3.1.5b)
)
Driver file for pgf: pgfsys-pdftex.def

(/usr/local/texlive/2020/texmf-dist/tex/generic/pgf/systemlayer/pgfsys-pdftex.d
ef
File: pgfsys-pdftex.def 2020/01/08 v3.1.5b (3.1.5b)

(/usr/local/texlive/2020/texmf-dist/tex/generic/pgf/systemlayer/pgfsys-common-p
df.def
File: pgfsys-common-pdf.def 2020/01/08 v3.1.5b (3.1.5b)
)))
(/usr/local/texlive/2020/texmf-dist/tex/generic/pgf/systemlayer/pgfsyssoftpath.
code.tex
File: pgfsyssoftpath.code.tex 2020/01/08 v3.1.5b (3.1.5b)
\pgfsyssoftpath@smallbuffer@items=\count266
\pgfsyssoftpath@bigbuffer@items=\count267
)
(/usr/local/texlive/2020/texmf-dist/tex/generic/pgf/systemlayer/pgfsysprotocol.
code.tex
File: pgfsysprotocol.code.tex 2020/01/08 v3.1.5b (3.1.5b)
)) (/usr/local/texlive/2020/texmf-dist/tex/latex/xcolor/xcolor.sty
Package: xcolor 2016/05/11 v2.12 LaTeX color extensions (UK)

(/usr/local/texlive/2020/texmf-dist/tex/latex/graphics-cfg/color.cfg
File: color.cfg 2016/01/02 v1.6 sample color configuration
)
Package xcolor Info: Driver file: pdftex.def on input line 225.
Package xcolor Info: Model `cmy' substituted by `cmy0' on input line 1348.
Package xcolor Info: Model `hsb' substituted by `rgb' on input line 1352.
Package xcolor Info: Model `RGB' extended on input line 1364.
Package xcolor Info: Model `HTML' substituted by `rgb' on input line 1366.
Package xcolor Info: Model `Hsb' substituted by `hsb' on input line 1367.
Package xcolor Info: Model `tHsb' substituted by `hsb' on input line 1368.
Package xcolor Info: Model `HSB' substituted by `hsb' on input line 1369.
Package xcolor Info: Model `Gray' substituted by `gray' on input line 1370.
Package xcolor Info: Model `wave' substituted by `hsb' on input line 1371.
)
(/usr/local/texlive/2020/texmf-dist/tex/generic/pgf/basiclayer/pgfcore.code.tex
Package: pgfcore 2020/01/08 v3.1.5b (3.1.5b)
(/usr/local/texlive/2020/texmf-dist/tex/generic/pgf/math/pgfmath.code.tex
(/usr/local/texlive/2020/texmf-dist/tex/generic/pgf/math/pgfmathcalc.code.tex
(/usr/local/texlive/2020/texmf-dist/tex/generic/pgf/math/pgfmathutil.code.tex)
(/usr/local/texlive/2020/texmf-dist/tex/generic/pgf/math/pgfmathparser.code.tex
\pgfmath@dimen=\dimen172
\pgfmath@count=\count268
\pgfmath@box=\box55
\pgfmath@toks=\toks24
\pgfmath@stack@operand=\toks25
\pgfmath@stack@operation=\toks26
)
(/usr/local/texlive/2020/texmf-dist/tex/generic/pgf/math/pgfmathfunctions.code.
tex
(/usr/local/texlive/2020/texmf-dist/tex/generic/pgf/math/pgfmathfunctions.basic
.code.tex)
(/usr/local/texlive/2020/texmf-dist/tex/generic/pgf/math/pgfmathfunctions.trigo
nometric.code.tex)
(/usr/local/texlive/2020/texmf-dist/tex/generic/pgf/math/pgfmathfunctions.rando
m.code.tex)
(/usr/local/texlive/2020/texmf-dist/tex/generic/pgf/math/pgfmathfunctions.compa
rison.code.tex)
(/usr/local/texlive/2020/texmf-dist/tex/generic/pgf/math/pgfmathfunctions.base.
code.tex)
(/usr/local/texlive/2020/texmf-dist/tex/generic/pgf/math/pgfmathfunctions.round
.code.tex)
(/usr/local/texlive/2020/texmf-dist/tex/generic/pgf/math/pgfmathfunctions.misc.
code.tex)
(/usr/local/texlive/2020/texmf-dist/tex/generic/pgf/math/pgfmathfunctions.integ
erarithmetics.code.tex)))
(/usr/local/texlive/2020/texmf-dist/tex/generic/pgf/math/pgfmathfloat.code.tex
\c@pgfmathroundto@lastzeros=\count269
)) (/usr/local/texlive/2020/texmf-dist/tex/generic/pgf/math/pgfint.code.tex)
(/usr/local/texlive/2020/texmf-dist/tex/generic/pgf/basiclayer/pgfcorepoints.co
de.tex
File: pgfcorepoints.code.tex 2020/01/08 v3.1.5b (3.1.5b)
\pgf@picminx=\dimen173
\pgf@picmaxx=\dimen174
\pgf@picminy=\dimen175
\pgf@picmaxy=\dimen176
\pgf@pathminx=\dimen177
\pgf@pathmaxx=\dimen178
\pgf@pathminy=\dimen179
\pgf@pathmaxy=\dimen180
\pgf@xx=\dimen181
\pgf@xy=\dimen182
\pgf@yx=\dimen183
\pgf@yy=\dimen184
\pgf@zx=\dimen185
\pgf@zy=\dimen186
)
(/usr/local/texlive/2020/texmf-dist/tex/generic/pgf/basiclayer/pgfcorepathconst
ruct.code.tex
File: pgfcorepathconstruct.code.tex 2020/01/08 v3.1.5b (3.1.5b)
\pgf@path@lastx=\dimen187
\pgf@path@lasty=\dimen188
)
(/usr/local/texlive/2020/texmf-dist/tex/generic/pgf/basiclayer/pgfcorepathusage
.code.tex
File: pgfcorepathusage.code.tex 2020/01/08 v3.1.5b (3.1.5b)
\pgf@shorten@end@additional=\dimen189
\pgf@shorten@start@additional=\dimen190
)
(/usr/local/texlive/2020/texmf-dist/tex/generic/pgf/basiclayer/pgfcorescopes.co
de.tex
File: pgfcorescopes.code.tex 2020/01/08 v3.1.5b (3.1.5b)
\pgfpic=\box56
\pgf@hbox=\box57
\pgf@layerbox@main=\box58
\pgf@picture@serial@count=\count270
)
(/usr/local/texlive/2020/texmf-dist/tex/generic/pgf/basiclayer/pgfcoregraphicst
ate.code.tex
File: pgfcoregraphicstate.code.tex 2020/01/08 v3.1.5b (3.1.5b)
\pgflinewidth=\dimen191
)
(/usr/local/texlive/2020/texmf-dist/tex/generic/pgf/basiclayer/pgfcoretransform
ations.code.tex
File: pgfcoretransformations.code.tex 2020/01/08 v3.1.5b (3.1.5b)
\pgf@pt@x=\dimen192
\pgf@pt@y=\dimen193
\pgf@pt@temp=\dimen194
)
(/usr/local/texlive/2020/texmf-dist/tex/generic/pgf/basiclayer/pgfcorequick.cod
e.tex
File: pgfcorequick.code.tex 2020/01/08 v3.1.5b (3.1.5b)
)
(/usr/local/texlive/2020/texmf-dist/tex/generic/pgf/basiclayer/pgfcoreobjects.c
ode.tex
File: pgfcoreobjects.code.tex 2020/01/08 v3.1.5b (3.1.5b)
)
(/usr/local/texlive/2020/texmf-dist/tex/generic/pgf/basiclayer/pgfcorepathproce
ssing.code.tex
File: pgfcorepathprocessing.code.tex 2020/01/08 v3.1.5b (3.1.5b)
)
(/usr/local/texlive/2020/texmf-dist/tex/generic/pgf/basiclayer/pgfcorearrows.co
de.tex
File: pgfcorearrows.code.tex 2020/01/08 v3.1.5b (3.1.5b)
\pgfarrowsep=\dimen195
)
(/usr/local/texlive/2020/texmf-dist/tex/generic/pgf/basiclayer/pgfcoreshade.cod
e.tex
File: pgfcoreshade.code.tex 2020/01/08 v3.1.5b (3.1.5b)
\pgf@max=\dimen196
\pgf@sys@shading@range@num=\count271
\pgf@shadingcount=\count272
)
(/usr/local/texlive/2020/texmf-dist/tex/generic/pgf/basiclayer/pgfcoreimage.cod
e.tex
File: pgfcoreimage.code.tex 2020/01/08 v3.1.5b (3.1.5b)

(/usr/local/texlive/2020/texmf-dist/tex/generic/pgf/basiclayer/pgfcoreexternal.
code.tex
File: pgfcoreexternal.code.tex 2020/01/08 v3.1.5b (3.1.5b)
\pgfexternal@startupbox=\box59
))
(/usr/local/texlive/2020/texmf-dist/tex/generic/pgf/basiclayer/pgfcorelayers.co
de.tex
File: pgfcorelayers.code.tex 2020/01/08 v3.1.5b (3.1.5b)
)
(/usr/local/texlive/2020/texmf-dist/tex/generic/pgf/basiclayer/pgfcoretranspare
ncy.code.tex
File: pgfcoretransparency.code.tex 2020/01/08 v3.1.5b (3.1.5b)
)
(/usr/local/texlive/2020/texmf-dist/tex/generic/pgf/basiclayer/pgfcorepatterns.
code.tex
File: pgfcorepatterns.code.tex 2020/01/08 v3.1.5b (3.1.5b)
)
(/usr/local/texlive/2020/texmf-dist/tex/generic/pgf/basiclayer/pgfcorerdf.code.
tex
File: pgfcorerdf.code.tex 2020/01/08 v3.1.5b (3.1.5b)
))) (/usr/local/texlive/2020/texmf-dist/tex/latex/pgf/utilities/xxcolor.sty
Package: xxcolor 2003/10/24 ver 0.1
\XC@nummixins=\count273
\XC@countmixins=\count274
) (/usr/local/texlive/2020/texmf-dist/tex/generic/atbegshi/atbegshi.sty
Package: atbegshi 2019/12/05 v1.19 At begin shipout hook (HO)

(/usr/local/texlive/2020/texmf-dist/tex/generic/infwarerr/infwarerr.sty
Package: infwarerr 2019/12/03 v1.5 Providing info/warning/error messages (HO)
)
(/usr/local/texlive/2020/texmf-dist/tex/generic/ltxcmds/ltxcmds.sty
Package: ltxcmds 2019/12/15 v1.24 LaTeX kernel commands for general use (HO)
))
(/usr/local/texlive/2020/texmf-dist/tex/latex/hyperref/hyperref.sty
Package: hyperref 2020/01/14 v7.00d Hypertext links for LaTeX

(/usr/local/texlive/2020/texmf-dist/tex/latex/pdftexcmds/pdftexcmds.sty
Package: pdftexcmds 2019/11/24 v0.31 Utility functions of pdfTeX for LuaTeX (HO
)
Package pdftexcmds Info: \pdf@primitive is available.
Package pdftexcmds Info: \pdf@ifprimitive is available.
Package pdftexcmds Info: \pdfdraftmode found.
)
(/usr/local/texlive/2020/texmf-dist/tex/generic/kvsetkeys/kvsetkeys.sty
Package: kvsetkeys 2019/12/15 v1.18 Key value parser (HO)
)
(/usr/local/texlive/2020/texmf-dist/tex/generic/kvdefinekeys/kvdefinekeys.sty
Package: kvdefinekeys 2019-12-19 v1.6 Define keys (HO)
)
(/usr/local/texlive/2020/texmf-dist/tex/generic/pdfescape/pdfescape.sty
Package: pdfescape 2019/12/09 v1.15 Implements pdfTeX's escape features (HO)
)
(/usr/local/texlive/2020/texmf-dist/tex/latex/hycolor/hycolor.sty
Package: hycolor 2020-01-27 v1.10 Color options for hyperref/bookmark (HO)
)
(/usr/local/texlive/2020/texmf-dist/tex/latex/letltxmacro/letltxmacro.sty
Package: letltxmacro 2019/12/03 v1.6 Let assignment for LaTeX macros (HO)
)
(/usr/local/texlive/2020/texmf-dist/tex/latex/auxhook/auxhook.sty
Package: auxhook 2019-12-17 v1.6 Hooks for auxiliary files (HO)
)
(/usr/local/texlive/2020/texmf-dist/tex/latex/kvoptions/kvoptions.sty
Package: kvoptions 2019/11/29 v3.13 Key value format for package options (HO)
)
\@linkdim=\dimen197
\Hy@linkcounter=\count275
\Hy@pagecounter=\count276

(/usr/local/texlive/2020/texmf-dist/tex/latex/hyperref/pd1enc.def
File: pd1enc.def 2020/01/14 v7.00d Hyperref: PDFDocEncoding definition (HO)
Now handling font encoding PD1 ...
... no UTF-8 mapping file for font encoding PD1
)
(/usr/local/texlive/2020/texmf-dist/tex/generic/intcalc/intcalc.sty
Package: intcalc 2019/12/15 v1.3 Expandable calculations with integers (HO)
)
(/usr/local/texlive/2020/texmf-dist/tex/generic/etexcmds/etexcmds.sty
Package: etexcmds 2019/12/15 v1.7 Avoid name clashes with e-TeX commands (HO)
)
\Hy@SavedSpaceFactor=\count277
Package hyperref Info: Option `bookmarks' set `true' on input line 4421.
Package hyperref Info: Option `bookmarksopen' set `true' on input line 4421.
Package hyperref Info: Option `implicit' set `false' on input line 4421.
Package hyperref Info: Hyper figures OFF on input line 4547.
Package hyperref Info: Link nesting OFF on input line 4552.
Package hyperref Info: Hyper index ON on input line 4555.
Package hyperref Info: Plain pages OFF on input line 4562.
Package hyperref Info: Backreferencing OFF on input line 4567.
Package hyperref Info: Implicit mode OFF; no redefinition of LaTeX internals.
Package hyperref Info: Bookmarks ON on input line 4800.
\c@Hy@tempcnt=\count278

(/usr/local/texlive/2020/texmf-dist/tex/latex/url/url.sty
\Urlmuskip=\muskip16
Package: url 2013/09/16  ver 3.4  Verb mode for urls, etc.
)
LaTeX Info: Redefining \url on input line 5159.
\XeTeXLinkMargin=\dimen198

(/usr/local/texlive/2020/texmf-dist/tex/generic/bitset/bitset.sty
Package: bitset 2019/12/09 v1.3 Handle bit-vector datatype (HO)

(/usr/local/texlive/2020/texmf-dist/tex/generic/bigintcalc/bigintcalc.sty
Package: bigintcalc 2019/12/15 v1.5 Expandable calculations on big integers (HO
)
))
\Fld@menulength=\count279
\Field@Width=\dimen199
\Fld@charsize=\dimen256
Package hyperref Info: Hyper figures OFF on input line 6430.
Package hyperref Info: Link nesting OFF on input line 6435.
Package hyperref Info: Hyper index ON on input line 6438.
Package hyperref Info: backreferencing OFF on input line 6445.
Package hyperref Info: Link coloring OFF on input line 6450.
Package hyperref Info: Link coloring with OCG OFF on input line 6455.
Package hyperref Info: PDF/A mode OFF on input line 6460.
LaTeX Info: Redefining \ref on input line 6500.
LaTeX Info: Redefining \pageref on input line 6504.
\Hy@abspage=\count280


Package hyperref Message: Stopped early.

)
Package hyperref Info: Driver (autodetected): hpdftex.
 (/usr/local/texlive/2020/texmf-dist/tex/latex/hyperref/hpdftex.def
File: hpdftex.def 2020/01/14 v7.00d Hyperref driver for pdfTeX

(/usr/local/texlive/2020/texmf-dist/tex/latex/atveryend/atveryend.sty
Package: atveryend 2019-12-11 v1.11 Hooks at the very end of document (HO)
)
\Fld@listcount=\count281
\c@bookmark@seq@number=\count282

(/usr/local/texlive/2020/texmf-dist/tex/latex/rerunfilecheck/rerunfilecheck.sty
Package: rerunfilecheck 2019/12/05 v1.9 Rerun checks for auxiliary files (HO)

(/usr/local/texlive/2020/texmf-dist/tex/generic/uniquecounter/uniquecounter.sty
Package: uniquecounter 2019/12/15 v1.4 Provide unlimited unique counter (HO)
)
Package uniquecounter Info: New unique counter `rerunfilecheck' on input line 2
86.
)) (/usr/local/texlive/2020/texmf-dist/tex/latex/beamer/beamerbaserequires.sty
(/usr/local/texlive/2020/texmf-dist/tex/latex/beamer/beamerbasecompatibility.st
y) (/usr/local/texlive/2020/texmf-dist/tex/latex/beamer/beamerbasefont.sty
(/usr/local/texlive/2020/texmf-dist/tex/latex/amsfonts/amssymb.sty
Package: amssymb 2013/01/14 v3.01 AMS font symbols

(/usr/local/texlive/2020/texmf-dist/tex/latex/amsfonts/amsfonts.sty
Package: amsfonts 2013/01/14 v3.01 Basic AMSFonts support
\@emptytoks=\toks27
\symAMSa=\mathgroup4
\symAMSb=\mathgroup5
LaTeX Font Info:    Redeclaring math symbol \hbar on input line 98.
LaTeX Font Info:    Overwriting math alphabet `\mathfrak' in version `bold'
(Font)                  U/euf/m/n --> U/euf/b/n on input line 106.
))
(/usr/local/texlive/2020/texmf-dist/tex/latex/sansmathaccent/sansmathaccent.sty
Package: sansmathaccent 2020/01/31
(/usr/local/texlive/2020/texmf-dist/tex/latex/koma-script/scrlfile.sty
Package: scrlfile 2020/01/24 v3.29 KOMA-Script package (loading files)
)))
(/usr/local/texlive/2020/texmf-dist/tex/latex/beamer/beamerbasetranslator.sty
(/usr/local/texlive/2020/texmf-dist/tex/latex/translator/translator.sty
Package: translator 2019-05-31 v1.12a Easy translation of strings in LaTeX
))
(/usr/local/texlive/2020/texmf-dist/tex/latex/beamer/beamerbasemisc.sty)
(/usr/local/texlive/2020/texmf-dist/tex/latex/beamer/beamerbasetwoscreens.sty)
(/usr/local/texlive/2020/texmf-dist/tex/latex/beamer/beamerbaseoverlay.sty
\beamer@argscount=\count283
\beamer@lastskipcover=\skip50
\beamer@trivlistdepth=\count284
)
(/usr/local/texlive/2020/texmf-dist/tex/latex/beamer/beamerbasetitle.sty)
(/usr/local/texlive/2020/texmf-dist/tex/latex/beamer/beamerbasesection.sty
\c@lecture=\count285
\c@part=\count286
\c@section=\count287
\c@subsection=\count288
\c@subsubsection=\count289
)
(/usr/local/texlive/2020/texmf-dist/tex/latex/beamer/beamerbaseframe.sty
\beamer@framebox=\box60
\beamer@frametitlebox=\box61
\beamer@zoombox=\box62
\beamer@zoomcount=\count290
\beamer@zoomframecount=\count291
\beamer@frametextheight=\dimen257
\c@subsectionslide=\count292
\beamer@frametopskip=\skip51
\beamer@framebottomskip=\skip52
\beamer@frametopskipautobreak=\skip53
\beamer@framebottomskipautobreak=\skip54
\beamer@envbody=\toks28
\framewidth=\dimen258
\c@framenumber=\count293
)
(/usr/local/texlive/2020/texmf-dist/tex/latex/beamer/beamerbaseverbatim.sty
\beamer@verbatimfileout=\write4
)
(/usr/local/texlive/2020/texmf-dist/tex/latex/beamer/beamerbaseframesize.sty
\beamer@splitbox=\box63
\beamer@autobreakcount=\count294
\beamer@autobreaklastheight=\dimen259
\beamer@frametitletoks=\toks29
\beamer@framesubtitletoks=\toks30
)
(/usr/local/texlive/2020/texmf-dist/tex/latex/beamer/beamerbaseframecomponents.
sty
\beamer@footins=\box64
) (/usr/local/texlive/2020/texmf-dist/tex/latex/beamer/beamerbasecolor.sty)
(/usr/local/texlive/2020/texmf-dist/tex/latex/beamer/beamerbasenotes.sty
\beamer@frameboxcopy=\box65
)
(/usr/local/texlive/2020/texmf-dist/tex/latex/beamer/beamerbasetoc.sty)
(/usr/local/texlive/2020/texmf-dist/tex/latex/beamer/beamerbasetemplates.sty
\beamer@sbttoks=\toks31

(/usr/local/texlive/2020/texmf-dist/tex/latex/beamer/beamerbaseauxtemplates.sty
(/usr/local/texlive/2020/texmf-dist/tex/latex/beamer/beamerbaseboxes.sty
\bmb@box=\box66
\bmb@colorbox=\box67
\bmb@boxshadow=\box68
\bmb@boxshadowball=\box69
\bmb@boxshadowballlarge=\box70
\bmb@temp=\dimen260
\bmb@dima=\dimen261
\bmb@dimb=\dimen262
\bmb@prevheight=\dimen263
)
\beamer@blockheadheight=\dimen264
))
(/usr/local/texlive/2020/texmf-dist/tex/latex/beamer/beamerbaselocalstructure.s
ty (/usr/local/texlive/2020/texmf-dist/tex/latex/tools/enumerate.sty
Package: enumerate 2015/07/23 v3.00 enumerate extensions (DPC)
\@enLab=\toks32
)
\c@figure=\count295
\c@table=\count296
\abovecaptionskip=\skip55
\belowcaptionskip=\skip56
)
(/usr/local/texlive/2020/texmf-dist/tex/latex/beamer/beamerbasenavigation.sty
\beamer@section@min@dim=\dimen265
)
(/usr/local/texlive/2020/texmf-dist/tex/latex/beamer/beamerbasetheorems.sty
(/usr/local/texlive/2020/texmf-dist/tex/latex/amsmath/amsmath.sty
Package: amsmath 2020/01/20 v2.17e AMS math features
\@mathmargin=\skip57

For additional information on amsmath, use the `?' option.
(/usr/local/texlive/2020/texmf-dist/tex/latex/amsmath/amstext.sty
Package: amstext 2000/06/29 v2.01 AMS text

(/usr/local/texlive/2020/texmf-dist/tex/latex/amsmath/amsgen.sty
File: amsgen.sty 1999/11/30 v2.0 generic functions
\@emptytoks=\toks33
\ex@=\dimen266
))
(/usr/local/texlive/2020/texmf-dist/tex/latex/amsmath/amsbsy.sty
Package: amsbsy 1999/11/29 v1.2d Bold Symbols
\pmbraise@=\dimen267
)
(/usr/local/texlive/2020/texmf-dist/tex/latex/amsmath/amsopn.sty
Package: amsopn 2016/03/08 v2.02 operator names
)
\inf@bad=\count297
LaTeX Info: Redefining \frac on input line 227.
\uproot@=\count298
\leftroot@=\count299
LaTeX Info: Redefining \overline on input line 389.
\classnum@=\count300
\DOTSCASE@=\count301
LaTeX Info: Redefining \ldots on input line 486.
LaTeX Info: Redefining \dots on input line 489.
LaTeX Info: Redefining \cdots on input line 610.
\Mathstrutbox@=\box71
\strutbox@=\box72
\big@size=\dimen268
LaTeX Font Info:    Redeclaring font encoding OML on input line 733.
LaTeX Font Info:    Redeclaring font encoding OMS on input line 734.
\macc@depth=\count302
\c@MaxMatrixCols=\count303
\dotsspace@=\muskip17
\c@parentequation=\count304
\dspbrk@lvl=\count305
\tag@help=\toks34
\row@=\count306
\column@=\count307
\maxfields@=\count308
\andhelp@=\toks35
\eqnshift@=\dimen269
\alignsep@=\dimen270
\tagshift@=\dimen271
\tagwidth@=\dimen272
\totwidth@=\dimen273
\lineht@=\dimen274
\@envbody=\toks36
\multlinegap=\skip58
\multlinetaggap=\skip59
\mathdisplay@stack=\toks37
LaTeX Info: Redefining \[ on input line 2859.
LaTeX Info: Redefining \] on input line 2860.
)
(/usr/local/texlive/2020/texmf-dist/tex/latex/amscls/amsthm.sty
Package: amsthm 2017/10/31 v2.20.4
\thm@style=\toks38
\thm@bodyfont=\toks39
\thm@headfont=\toks40
\thm@notefont=\toks41
\thm@headpunct=\toks42
\thm@preskip=\skip60
\thm@postskip=\skip61
\thm@headsep=\skip62
\dth@everypar=\toks43
)
\c@theorem=\count309
)
(/usr/local/texlive/2020/texmf-dist/tex/latex/beamer/beamerbasethemes.sty))
(/usr/local/texlive/2020/texmf-dist/tex/latex/beamer/beamerthemedefault.sty
(/usr/local/texlive/2020/texmf-dist/tex/latex/beamer/beamerfontthemedefault.sty
)
(/usr/local/texlive/2020/texmf-dist/tex/latex/beamer/beamercolorthemedefault.st
y)
(/usr/local/texlive/2020/texmf-dist/tex/latex/beamer/beamerinnerthemedefault.st
y
\beamer@dima=\dimen275
\beamer@dimb=\dimen276
)
(/usr/local/texlive/2020/texmf-dist/tex/latex/beamer/beamerouterthemedefault.st
y))) (/usr/local/texlive/2020/texmf-dist/tex/latex/framed/framed.sty
Package: framed 2011/10/22 v 0.96: framed or shaded text with page breaks
\OuterFrameSep=\skip63
\fb@frw=\dimen277
\fb@frh=\dimen278
\FrameRule=\dimen279
\FrameSep=\dimen280
)
(/usr/local/texlive/2020/texmf-dist/tex/latex/base/alltt.sty
Package: alltt 1997/06/16 v2.0g defines alltt environment
)
(./beamerthemeumbc4.sty
Package: beamerthemeumbc4 2005/03/05 v1.2 for beamer 3.01

(/usr/local/texlive/2020/texmf-dist/tex/latex/pgf/compatibility/pgfcomp-version
-0-65.sty
Package: pgfcomp-version-0-65 2020/01/08 v3.1.5b (3.1.5b)
\pgf@nodesepstart=\dimen281
\pgf@nodesepend=\dimen282
)
\umbc@ypos=\dimen283
\umbc@mybox=\box73
 (./beamerouterthemeumbcfootline.sty
Package: beamerouterthemeumbcfootline 2004/11/27 v1.0 for beamer 3.01
)
(./beamerinnerthemeumbctribullets.sty
Package: beamerinnerthemeumbctribullets 2004/12/14 v1.0 for beamer 3.01
))
(/usr/local/texlive/2020/texmf-dist/tex/latex/pgf/frontendlayer/tikz.sty
(/usr/local/texlive/2020/texmf-dist/tex/latex/pgf/basiclayer/pgf.sty
Package: pgf 2020/01/08 v3.1.5b (3.1.5b)

(/usr/local/texlive/2020/texmf-dist/tex/generic/pgf/modules/pgfmoduleshapes.cod
e.tex
File: pgfmoduleshapes.code.tex 2020/01/08 v3.1.5b (3.1.5b)
\pgfnodeparttextbox=\box74
)
(/usr/local/texlive/2020/texmf-dist/tex/generic/pgf/modules/pgfmoduleplot.code.
tex
File: pgfmoduleplot.code.tex 2020/01/08 v3.1.5b (3.1.5b)
)
(/usr/local/texlive/2020/texmf-dist/tex/latex/pgf/compatibility/pgfcomp-version
-1-18.sty
Package: pgfcomp-version-1-18 2020/01/08 v3.1.5b (3.1.5b)
))
(/usr/local/texlive/2020/texmf-dist/tex/latex/pgf/utilities/pgffor.sty
(/usr/local/texlive/2020/texmf-dist/tex/latex/pgf/utilities/pgfkeys.sty
(/usr/local/texlive/2020/texmf-dist/tex/generic/pgf/utilities/pgfkeys.code.tex)
) (/usr/local/texlive/2020/texmf-dist/tex/latex/pgf/math/pgfmath.sty
(/usr/local/texlive/2020/texmf-dist/tex/generic/pgf/math/pgfmath.code.tex))
(/usr/local/texlive/2020/texmf-dist/tex/generic/pgf/utilities/pgffor.code.tex
Package: pgffor 2020/01/08 v3.1.5b (3.1.5b)

(/usr/local/texlive/2020/texmf-dist/tex/generic/pgf/math/pgfmath.code.tex)
\pgffor@iter=\dimen284
\pgffor@skip=\dimen285
\pgffor@stack=\toks44
\pgffor@toks=\toks45
))
(/usr/local/texlive/2020/texmf-dist/tex/generic/pgf/frontendlayer/tikz/tikz.cod
e.tex
Package: tikz 2020/01/08 v3.1.5b (3.1.5b)

(/usr/local/texlive/2020/texmf-dist/tex/generic/pgf/libraries/pgflibraryplothan
dlers.code.tex
File: pgflibraryplothandlers.code.tex 2020/01/08 v3.1.5b (3.1.5b)
\pgf@plot@mark@count=\count310
\pgfplotmarksize=\dimen286
)
\tikz@lastx=\dimen287
\tikz@lasty=\dimen288
\tikz@lastxsaved=\dimen289
\tikz@lastysaved=\dimen290
\tikz@lastmovetox=\dimen291
\tikz@lastmovetoy=\dimen292
\tikzleveldistance=\dimen293
\tikzsiblingdistance=\dimen294
\tikz@figbox=\box75
\tikz@figbox@bg=\box76
\tikz@tempbox=\box77
\tikz@tempbox@bg=\box78
\tikztreelevel=\count311
\tikznumberofchildren=\count312
\tikznumberofcurrentchild=\count313
\tikz@fig@count=\count314

(/usr/local/texlive/2020/texmf-dist/tex/generic/pgf/modules/pgfmodulematrix.cod
e.tex
File: pgfmodulematrix.code.tex 2020/01/08 v3.1.5b (3.1.5b)
\pgfmatrixcurrentrow=\count315
\pgfmatrixcurrentcolumn=\count316
\pgf@matrix@numberofcolumns=\count317
)
\tikz@expandcount=\count318

(/usr/local/texlive/2020/texmf-dist/tex/generic/pgf/frontendlayer/tikz/librarie
s/tikzlibrarytopaths.code.tex
File: tikzlibrarytopaths.code.tex 2020/01/08 v3.1.5b (3.1.5b)
)))
(/usr/local/texlive/2020/texmf-dist/tex/latex/colortbl/colortbl.sty
Package: colortbl 2020/01/04 v1.0e Color table columns (DPC)

(/usr/local/texlive/2020/texmf-dist/tex/latex/tools/array.sty
Package: array 2019/08/31 v2.4l Tabular extension package (FMi)
\col@sep=\dimen295
\ar@mcellbox=\box79
\extrarowheight=\dimen296
\NC@list=\toks46
\extratabsurround=\skip64
\backup@length=\skip65
\ar@cellbox=\box80
)
\everycr=\toks47
\minrowclearance=\skip66
)
(/usr/local/texlive/2020/texmf-dist/tex/latex/textpos/textpos.sty
Package: textpos 2019/04/15 v1.9.1

Package: textpos 2019/04/15 1.9.1, absolute positioning of text on the page
\TP@textbox=\box81
\TP@holdbox=\box82
\TPHorizModule=\dimen297
\TPVertModule=\dimen298
\TP@margin=\dimen299
\TP@absmargin=\dimen300
Grid set 16 x 16 = 22.7622pt x 17.07166pt
\TPboxrulesize=\dimen301
\TP@ox=\dimen302
\TP@oy=\dimen303
\TP@tbargs=\toks48
\TP@prevdepth=\dimen304
TextBlockOrigin set to 0pt x 0pt
) (/usr/local/texlive/2020/texmf-dist/tex/latex/beamer/multimedia.sty
Package: multimedia 2012/05/02 ver 0.02
\mm@movie=\count319
)
(./beamerinnerthemeumbcboxes.sty
Package: beamerinnerthemeumbcboxes 2004/12/20 v1.0 for beamer 3.01
)
(/usr/local/texlive/2020/texmf-dist/tex/latex/synttree/synttree.sty
\MTr@level=\count320
\MTr@numchildren=\count321
\MTr@maxlevel=\count322
\MTr@mybranchmult=\count323
\MTr@labelbox=\box83
\MTr@treebox=\box84
\MTr@treev=\count324
\MTr@treew=\count325
\MTr@treeheight=\count326
\MTr@treedepth=\count327
\MTr@branchmult=\count328
\MTr@labeldepth=\count329
\MTr@labelheight=\count330
\MTr@labelhalfwidth=\count331
\MTr@morex=\count332
\MTr@parenty=\count333
\MTr@picwidth=\count334
\MTr@picheight=\count335
\MTr@templength=\skip67
\MTr@loopcnta=\count336
\MTr@tempcnta=\count337
\MTr@tempcntb=\count338
\MTr@tempcntc=\count339
\MTr@branchheight=\count340
\MTr@trianglemultright=\count341
\MTr@trianglemultleft=\count342
\MTr@lineoffset=\count343
\MTr@minheight=\skip68
\MTr@childsidesep=\count344
\MTr@childattachsep=\count345
)
(/usr/local/texlive/2020/texmf-dist/tex/latex/multirow/multirow.sty
Package: multirow 2019/05/31 v2.5 Span multiple rows of a table
\multirow@colwidth=\skip69
\multirow@cntb=\count346
\multirow@dima=\skip70
\bigstrutjot=\dimen305
)
(/usr/local/texlive/2020/texmf-dist/tex/latex/graphics/rotating.sty
Package: rotating 2016/08/11 v2.16d rotated objects in LaTeX

(/usr/local/texlive/2020/texmf-dist/tex/latex/base/ifthen.sty
Package: ifthen 2014/09/29 v1.1c Standard LaTeX ifthen package (DPC)
)
\c@r@tfl@t=\count347
\rotFPtop=\skip71
\rotFPbot=\skip72
\rot@float@box=\box85
\rot@mess@toks=\toks49
)
(/usr/local/texlive/2020/texmf-dist/tex/latex/natbib/natbib.sty
Package: natbib 2010/09/13 8.31b (PWD, AO)
\bibhang=\skip73
\bibsep=\skip74
LaTeX Info: Redefining \cite on input line 694.
\c@NAT@ctr=\count348
) (./macros1.tex)

Package hyperref Warning: Token not allowed in a PDF string (PDFDocEncoding):
(hyperref)                removing `\\' on input line 139.

(/usr/local/texlive/2020/texmf-dist/tex/latex/upquote/upquote.sty
Package: upquote 2012/04/19 v1.3 upright-quote and grave-accent glyphs in verba
tim
)
(/usr/local/texlive/2020/texmf-dist/tex/latex/l3backend/l3backend-pdfmode.def
File: l3backend-pdfmode.def 2020-03-12 L3 backend support: PDF mode
\l__kernel_color_stack_int=\count349
\l__pdf_internal_box=\box86
)
(./SurveySamplingDesignReview_Par1.aux)
\openout1 = `SurveySamplingDesignReview_Par1.aux'.

LaTeX Font Info:    Checking defaults for OML/cmm/m/it on input line 145.
LaTeX Font Info:    ... okay on input line 145.
LaTeX Font Info:    Checking defaults for OMS/cmsy/m/n on input line 145.
LaTeX Font Info:    ... okay on input line 145.
LaTeX Font Info:    Checking defaults for OT1/cmr/m/n on input line 145.
LaTeX Font Info:    ... okay on input line 145.
LaTeX Font Info:    Checking defaults for T1/cmr/m/n on input line 145.
LaTeX Font Info:    ... okay on input line 145.
LaTeX Font Info:    Checking defaults for TS1/cmr/m/n on input line 145.
LaTeX Font Info:    ... okay on input line 145.
LaTeX Font Info:    Checking defaults for OMX/cmex/m/n on input line 145.
LaTeX Font Info:    ... okay on input line 145.
LaTeX Font Info:    Checking defaults for U/cmr/m/n on input line 145.
LaTeX Font Info:    ... okay on input line 145.
LaTeX Font Info:    Checking defaults for PD1/pdf/m/n on input line 145.
LaTeX Font Info:    ... okay on input line 145.

*geometry* driver: auto-detecting
*geometry* detected driver: pdftex
*geometry* verbose mode - [ preamble ] result:
* driver: pdftex
* paper: custom
* layout: <same size as paper>
* layoutoffset:(h,v)=(0.0pt,0.0pt)
* modes: includehead includefoot 
* h-part:(L,W,R)=(28.45274pt, 307.28987pt, 28.45274pt)
* v-part:(T,H,B)=(0.0pt, 273.14662pt, 0.0pt)
* \paperwidth=364.19536pt
* \paperheight=273.14662pt
* \textwidth=307.28987pt
* \textheight=244.6939pt
* \oddsidemargin=-43.81725pt
* \evensidemargin=-43.81725pt
* \topmargin=-72.26999pt
* \headheight=14.22636pt
* \headsep=0.0pt
* \topskip=10.0pt
* \footskip=14.22636pt
* \marginparwidth=3.0pt
* \marginparsep=11.0pt
* \columnsep=10.0pt
* \skip\footins=9.0pt plus 4.0pt minus 2.0pt
* \hoffset=0.0pt
* \voffset=0.0pt
* \mag=1000
* \@twocolumnfalse
* \@twosidefalse
* \@mparswitchfalse
* \@reversemarginfalse
* (1in=72.27pt=25.4mm, 1cm=28.453pt)

(/usr/local/texlive/2020/texmf-dist/tex/context/base/mkii/supp-pdf.mkii
[Loading MPS to PDF converter (version 2006.09.02).]
\scratchcounter=\count350
\scratchdimen=\dimen306
\scratchbox=\box87
\nofMPsegments=\count351
\nofMParguments=\count352
\everyMPshowfont=\toks50
\MPscratchCnt=\count353
\MPscratchDim=\dimen307
\MPnumerator=\count354
\makeMPintoPDFobject=\count355
\everyMPtoPDFconversion=\toks51
) (/usr/local/texlive/2020/texmf-dist/tex/latex/epstopdf-pkg/epstopdf-base.sty
Package: epstopdf-base 2020-01-24 v2.11 Base part for package epstopdf
Package epstopdf-base Info: Redefining graphics rule for `.eps' on input line 4
85.

(/usr/local/texlive/2020/texmf-dist/tex/latex/latexconfig/epstopdf-sys.cfg
File: epstopdf-sys.cfg 2010/07/13 v1.3 Configuration of (r)epstopdf for TeX Liv
e
))
ABD: EveryShipout initializing macros
\AtBeginShipoutBox=\box88
Package hyperref Info: Link coloring OFF on input line 145.

(/usr/local/texlive/2020/texmf-dist/tex/latex/hyperref/nameref.sty
Package: nameref 2019/09/16 v2.46 Cross-referencing by name of section

(/usr/local/texlive/2020/texmf-dist/tex/latex/refcount/refcount.sty
Package: refcount 2019/12/15 v3.6 Data extraction from label references (HO)
)
(/usr/local/texlive/2020/texmf-dist/tex/generic/gettitlestring/gettitlestring.s
ty
Package: gettitlestring 2019/12/15 v1.6 Cleanup title references (HO)
)
\c@section@level=\count356
)
LaTeX Info: Redefining \ref on input line 145.
LaTeX Info: Redefining \pageref on input line 145.
LaTeX Info: Redefining \nameref on input line 145.
 (./SurveySamplingDesignReview_Par1.out)
(./SurveySamplingDesignReview_Par1.out)
\@outlinefile=\write5
\openout5 = `SurveySamplingDesignReview_Par1.out'.

LaTeX Font Info:    Overwriting symbol font `operators' in version `normal'
(Font)                  OT1/cmr/m/n --> OT1/cmss/m/n on input line 145.
LaTeX Font Info:    Overwriting symbol font `operators' in version `bold'
(Font)                  OT1/cmr/bx/n --> OT1/cmss/b/n on input line 145.
\symnumbers=\mathgroup6
\sympureletters=\mathgroup7
LaTeX Font Info:    Overwriting math alphabet `\mathrm' in version `normal'
(Font)                  OT1/cmss/m/n --> OT1/cmr/m/n on input line 145.
LaTeX Font Info:    Redeclaring math alphabet \mathbf on input line 145.
LaTeX Font Info:    Overwriting math alphabet `\mathbf' in version `normal'
(Font)                  OT1/cmr/bx/n --> OT1/cmss/b/n on input line 145.
LaTeX Font Info:    Overwriting math alphabet `\mathbf' in version `bold'
(Font)                  OT1/cmr/bx/n --> OT1/cmss/b/n on input line 145.
LaTeX Font Info:    Redeclaring math alphabet \mathsf on input line 145.
LaTeX Font Info:    Overwriting math alphabet `\mathsf' in version `normal'
(Font)                  OT1/cmss/m/n --> OT1/cmss/m/n on input line 145.
LaTeX Font Info:    Overwriting math alphabet `\mathsf' in version `bold'
(Font)                  OT1/cmss/bx/n --> OT1/cmss/m/n on input line 145.
LaTeX Font Info:    Redeclaring math alphabet \mathit on input line 145.
LaTeX Font Info:    Overwriting math alphabet `\mathit' in version `normal'
(Font)                  OT1/cmr/m/it --> OT1/cmss/m/it on input line 145.
LaTeX Font Info:    Overwriting math alphabet `\mathit' in version `bold'
(Font)                  OT1/cmr/bx/it --> OT1/cmss/m/it on input line 145.
LaTeX Font Info:    Redeclaring math alphabet \mathtt on input line 145.
LaTeX Font Info:    Overwriting math alphabet `\mathtt' in version `normal'
(Font)                  OT1/cmtt/m/n --> OT1/cmtt/m/n on input line 145.
LaTeX Font Info:    Overwriting math alphabet `\mathtt' in version `bold'
(Font)                  OT1/cmtt/m/n --> OT1/cmtt/m/n on input line 145.
LaTeX Font Info:    Overwriting symbol font `numbers' in version `bold'
(Font)                  OT1/cmss/m/n --> OT1/cmss/b/n on input line 145.
LaTeX Font Info:    Overwriting symbol font `pureletters' in version `bold'
(Font)                  OT1/cmss/m/it --> OT1/cmss/b/it on input line 145.
LaTeX Font Info:    Overwriting math alphabet `\mathrm' in version `bold'
(Font)                  OT1/cmss/b/n --> OT1/cmr/b/n on input line 145.
LaTeX Font Info:    Overwriting math alphabet `\mathbf' in version `bold'
(Font)                  OT1/cmss/b/n --> OT1/cmss/b/n on input line 145.
LaTeX Font Info:    Overwriting math alphabet `\mathsf' in version `bold'
(Font)                  OT1/cmss/m/n --> OT1/cmss/b/n on input line 145.
LaTeX Font Info:    Overwriting math alphabet `\mathit' in version `bold'
(Font)                  OT1/cmss/m/it --> OT1/cmss/b/it on input line 145.
LaTeX Font Info:    Overwriting math alphabet `\mathtt' in version `bold'
(Font)                  OT1/cmtt/m/n --> OT1/cmtt/b/n on input line 145.
LaTeX Font Info:    Redeclaring symbol font `pureletters' on input line 145.
LaTeX Font Info:    Overwriting symbol font `pureletters' in version `normal'
(Font)                  OT1/cmss/m/it --> OT1/mathkerncmss/m/sl on input line 1
45.
LaTeX Font Info:    Overwriting symbol font `pureletters' in version `bold'
(Font)                  OT1/cmss/b/it --> OT1/mathkerncmss/m/sl on input line 1
45.
LaTeX Font Info:    Overwriting symbol font `pureletters' in version `bold'
(Font)                  OT1/mathkerncmss/m/sl --> OT1/mathkerncmss/bx/sl on inp
ut line 145.

(/usr/local/texlive/2020/texmf-dist/tex/latex/translator/translator-basic-dicti
onary-English.dict
Dictionary: translator-basic-dictionary, Language: English 
)
(/usr/local/texlive/2020/texmf-dist/tex/latex/translator/translator-bibliograph
y-dictionary-English.dict
Dictionary: translator-bibliography-dictionary, Language: English 
)
(/usr/local/texlive/2020/texmf-dist/tex/latex/translator/translator-environment
-dictionary-English.dict
Dictionary: translator-environment-dictionary, Language: English 
)
(/usr/local/texlive/2020/texmf-dist/tex/latex/translator/translator-months-dict
ionary-English.dict
Dictionary: translator-months-dictionary, Language: English 
)
(/usr/local/texlive/2020/texmf-dist/tex/latex/translator/translator-numbers-dic
tionary-English.dict
Dictionary: translator-numbers-dictionary, Language: English 
)
(/usr/local/texlive/2020/texmf-dist/tex/latex/translator/translator-theorem-dic
tionary-English.dict
Dictionary: translator-theorem-dictionary, Language: English 
) (./SurveySamplingDesignReview_Par1.nav)
<graphics/uc_seal_blue.jpg, id=135, 903.375pt x 762.85pt>
File: graphics/uc_seal_blue.jpg Graphic file (type jpg)
<use graphics/uc_seal_blue.jpg>
Package pdftex.def Info: graphics/uc_seal_blue.jpg  used on input line 145.
(pdftex.def)             Requested size: 25.29494pt x 21.35965pt.
<graphics/seattle.png, id=136, 1606.0pt x 1204.5pt>
File: graphics/seattle.png Graphic file (type png)
<use graphics/seattle.png>
Package pdftex.def Info: graphics/seattle.png  used on input line 152.
(pdftex.def)             Requested size: 364.19536pt x 273.13278pt.
 [1

{/usr/local/texlive/2020/texmf-var/fonts/map/pdftex/updmap/pdftex.map} <./graph
ics/seattle.png>] (./SurveySamplingDesignReview_Par1.toc) [2

] [3


]
File: graphics/uc_seal_blue.jpg Graphic file (type jpg)
<use graphics/uc_seal_blue.jpg>
Package pdftex.def Info: graphics/uc_seal_blue.jpg  used on input line 171.
(pdftex.def)             Requested size: 25.29494pt x 21.35965pt.
 [4

 <./graphics/uc_seal_blue.jpg>]
LaTeX Font Info:    Trying to load font information for U+msa on input line 197
.
 (/usr/local/texlive/2020/texmf-dist/tex/latex/amsfonts/umsa.fd
File: umsa.fd 2013/01/14 v3.01 AMS symbols A
)
LaTeX Font Info:    Trying to load font information for U+msb on input line 197
.

(/usr/local/texlive/2020/texmf-dist/tex/latex/amsfonts/umsb.fd
File: umsb.fd 2013/01/14 v3.01 AMS symbols B
)
LaTeX Font Info:    Trying to load font information for OT1+mathkerncmss on inp
ut line 197.

(/usr/local/texlive/2020/texmf-dist/tex/latex/sansmathaccent/ot1mathkerncmss.fd
File: ot1mathkerncmss.fd 2020/01/31 Fontinst v1.933 font definitions for OT1/ma
thkerncmss.
)
File: graphics/uc_seal_blue.jpg Graphic file (type jpg)
<use graphics/uc_seal_blue.jpg>
Package pdftex.def Info: graphics/uc_seal_blue.jpg  used on input line 197.
(pdftex.def)             Requested size: 25.29494pt x 21.35965pt.
 [5

]
File: graphics/uc_seal_blue.jpg Graphic file (type jpg)
<use graphics/uc_seal_blue.jpg>
Package pdftex.def Info: graphics/uc_seal_blue.jpg  used on input line 207.
(pdftex.def)             Requested size: 25.29494pt x 21.35965pt.
 [6

]
File: graphics/uc_seal_blue.jpg Graphic file (type jpg)
<use graphics/uc_seal_blue.jpg>
Package pdftex.def Info: graphics/uc_seal_blue.jpg  used on input line 207.
(pdftex.def)             Requested size: 25.29494pt x 21.35965pt.
 [7

]
File: graphics/uc_seal_blue.jpg Graphic file (type jpg)
<use graphics/uc_seal_blue.jpg>
Package pdftex.def Info: graphics/uc_seal_blue.jpg  used on input line 220.
(pdftex.def)             Requested size: 25.29494pt x 21.35965pt.
 [8

]
File: graphics/uc_seal_blue.jpg Graphic file (type jpg)
<use graphics/uc_seal_blue.jpg>
Package pdftex.def Info: graphics/uc_seal_blue.jpg  used on input line 228.
(pdftex.def)             Requested size: 25.29494pt x 21.35965pt.
 [9

]
<figures/irvineBLK.png, id=263, 578.16pt x 433.62pt>
File: figures/irvineBLK.png Graphic file (type png)
<use figures/irvineBLK.png>
Package pdftex.def Info: figures/irvineBLK.png  used on input line 233.
(pdftex.def)             Requested size: 230.46739pt x 172.84944pt.
File: graphics/uc_seal_blue.jpg Graphic file (type jpg)
<use graphics/uc_seal_blue.jpg>
Package pdftex.def Info: graphics/uc_seal_blue.jpg  used on input line 237.
(pdftex.def)             Requested size: 25.29494pt x 21.35965pt.
 [10

 <./figures/irvineBLK.png (PNG copy)>]
<figures/publibs_2009.png, id=270, 505.6491pt x 306.9066pt>
File: figures/publibs_2009.png Graphic file (type png)
<use figures/publibs_2009.png>
Package pdftex.def Info: figures/publibs_2009.png  used on input line 241.
(pdftex.def)             Requested size: 245.83282pt x 149.2101pt.
File: graphics/uc_seal_blue.jpg Graphic file (type jpg)
<use graphics/uc_seal_blue.jpg>
Package pdftex.def Info: graphics/uc_seal_blue.jpg  used on input line 243.
(pdftex.def)             Requested size: 25.29494pt x 21.35965pt.
 [11

 <./figures/publibs_2009.png>]
File: graphics/uc_seal_blue.jpg Graphic file (type jpg)
<use graphics/uc_seal_blue.jpg>
Package pdftex.def Info: graphics/uc_seal_blue.jpg  used on input line 288.
(pdftex.def)             Requested size: 25.29494pt x 21.35965pt.
 [12

]
File: graphics/uc_seal_blue.jpg Graphic file (type jpg)
<use graphics/uc_seal_blue.jpg>
Package pdftex.def Info: graphics/uc_seal_blue.jpg  used on input line 288.
(pdftex.def)             Requested size: 25.29494pt x 21.35965pt.
 [13

]
File: graphics/uc_seal_blue.jpg Graphic file (type jpg)
<use graphics/uc_seal_blue.jpg>
Package pdftex.def Info: graphics/uc_seal_blue.jpg  used on input line 288.
(pdftex.def)             Requested size: 25.29494pt x 21.35965pt.
 [14

]
File: graphics/uc_seal_blue.jpg Graphic file (type jpg)
<use graphics/uc_seal_blue.jpg>
Package pdftex.def Info: graphics/uc_seal_blue.jpg  used on input line 288.
(pdftex.def)             Requested size: 25.29494pt x 21.35965pt.
 [15

]
File: graphics/uc_seal_blue.jpg Graphic file (type jpg)
<use graphics/uc_seal_blue.jpg>
Package pdftex.def Info: graphics/uc_seal_blue.jpg  used on input line 288.
(pdftex.def)             Requested size: 25.29494pt x 21.35965pt.
 [16

]
File: graphics/uc_seal_blue.jpg Graphic file (type jpg)
<use graphics/uc_seal_blue.jpg>
Package pdftex.def Info: graphics/uc_seal_blue.jpg  used on input line 298.
(pdftex.def)             Requested size: 25.29494pt x 21.35965pt.
 [17

]
File: graphics/uc_seal_blue.jpg Graphic file (type jpg)
<use graphics/uc_seal_blue.jpg>
Package pdftex.def Info: graphics/uc_seal_blue.jpg  used on input line 303.
(pdftex.def)             Requested size: 25.29494pt x 21.35965pt.
 [18

]
File: graphics/uc_seal_blue.jpg Graphic file (type jpg)
<use graphics/uc_seal_blue.jpg>
Package pdftex.def Info: graphics/uc_seal_blue.jpg  used on input line 319.
(pdftex.def)             Requested size: 25.29494pt x 21.35965pt.
 [19

]
File: graphics/uc_seal_blue.jpg Graphic file (type jpg)
<use graphics/uc_seal_blue.jpg>
Package pdftex.def Info: graphics/uc_seal_blue.jpg  used on input line 331.
(pdftex.def)             Requested size: 25.29494pt x 21.35965pt.
 [20

]
LaTeX Font Info:    Font shape `OT1/cmtt/bx/n' in size <9> not available
(Font)              Font shape `OT1/cmtt/m/n' tried instead on input line 341.
File: graphics/uc_seal_blue.jpg Graphic file (type jpg)
<use graphics/uc_seal_blue.jpg>
Package pdftex.def Info: graphics/uc_seal_blue.jpg  used on input line 352.
(pdftex.def)             Requested size: 25.29494pt x 21.35965pt.
 [21

]
File: graphics/uc_seal_blue.jpg Graphic file (type jpg)
<use graphics/uc_seal_blue.jpg>
Package pdftex.def Info: graphics/uc_seal_blue.jpg  used on input line 372.
(pdftex.def)             Requested size: 25.29494pt x 21.35965pt.
 [22

]
File: graphics/uc_seal_blue.jpg Graphic file (type jpg)
<use graphics/uc_seal_blue.jpg>
Package pdftex.def Info: graphics/uc_seal_blue.jpg  used on input line 395.
(pdftex.def)             Requested size: 25.29494pt x 21.35965pt.

[23

]
File: graphics/uc_seal_blue.jpg Graphic file (type jpg)
<use graphics/uc_seal_blue.jpg>
Package pdftex.def Info: graphics/uc_seal_blue.jpg  used on input line 395.
(pdftex.def)             Requested size: 25.29494pt x 21.35965pt.
 [24

]
File: graphics/uc_seal_blue.jpg Graphic file (type jpg)
<use graphics/uc_seal_blue.jpg>
Package pdftex.def Info: graphics/uc_seal_blue.jpg  used on input line 395.
(pdftex.def)             Requested size: 25.29494pt x 21.35965pt.
 [25

]
Overfull \hbox (30.0885pt too wide) in paragraph at lines 417--417
[][]  
 []

File: graphics/uc_seal_blue.jpg Graphic file (type jpg)
<use graphics/uc_seal_blue.jpg>
Package pdftex.def Info: graphics/uc_seal_blue.jpg  used on input line 417.
(pdftex.def)             Requested size: 25.29494pt x 21.35965pt.
[26

]
LaTeX Font Info:    Font shape `OT1/cmtt/bx/n' in size <5> not available
(Font)              Font shape `OT1/cmtt/m/n' tried instead on input line 425.
LaTeX Font Info:    Trying to load font information for OMS+cmtt on input line 
425.
LaTeX Font Info:    No file OMScmtt.fd. on input line 425.


LaTeX Font Warning: Font shape `OMS/cmtt/m/n' undefined
(Font)              using `OMS/cmsy/m/n' instead
(Font)              for symbol `textbraceleft' on input line 425.

File: graphics/uc_seal_blue.jpg Graphic file (type jpg)
<use graphics/uc_seal_blue.jpg>
Package pdftex.def Info: graphics/uc_seal_blue.jpg  used on input line 447.
(pdftex.def)             Requested size: 25.29494pt x 21.35965pt.
[27

]
File: graphics/uc_seal_blue.jpg Graphic file (type jpg)
<use graphics/uc_seal_blue.jpg>
Package pdftex.def Info: graphics/uc_seal_blue.jpg  used on input line 476.
(pdftex.def)             Requested size: 25.29494pt x 21.35965pt.
 [28

]
Overfull \vbox (19.3458pt too high) detected at line 524
 []

File: graphics/uc_seal_blue.jpg Graphic file (type jpg)
<use graphics/uc_seal_blue.jpg>
Package pdftex.def Info: graphics/uc_seal_blue.jpg  used on input line 524.
(pdftex.def)             Requested size: 25.29494pt x 21.35965pt.
[29

]
File: graphics/uc_seal_blue.jpg Graphic file (type jpg)
<use graphics/uc_seal_blue.jpg>
Package pdftex.def Info: graphics/uc_seal_blue.jpg  used on input line 573.
(pdftex.def)             Requested size: 25.29494pt x 21.35965pt.
 [30

]
File: graphics/uc_seal_blue.jpg Graphic file (type jpg)
<use graphics/uc_seal_blue.jpg>
Package pdftex.def Info: graphics/uc_seal_blue.jpg  used on input line 603.
(pdftex.def)             Requested size: 25.29494pt x 21.35965pt.
 [31

]
File: graphics/uc_seal_blue.jpg Graphic file (type jpg)
<use graphics/uc_seal_blue.jpg>
Package pdftex.def Info: graphics/uc_seal_blue.jpg  used on input line 636.
(pdftex.def)             Requested size: 25.29494pt x 21.35965pt.
 [32

]
File: graphics/uc_seal_blue.jpg Graphic file (type jpg)
<use graphics/uc_seal_blue.jpg>
Package pdftex.def Info: graphics/uc_seal_blue.jpg  used on input line 636.
(pdftex.def)             Requested size: 25.29494pt x 21.35965pt.
 [33

]
File: graphics/uc_seal_blue.jpg Graphic file (type jpg)
<use graphics/uc_seal_blue.jpg>
Package pdftex.def Info: graphics/uc_seal_blue.jpg  used on input line 636.
(pdftex.def)             Requested size: 25.29494pt x 21.35965pt.
 [34

]
File: graphics/uc_seal_blue.jpg Graphic file (type jpg)
<use graphics/uc_seal_blue.jpg>
Package pdftex.def Info: graphics/uc_seal_blue.jpg  used on input line 673.
(pdftex.def)             Requested size: 25.29494pt x 21.35965pt.
 [35

]
File: graphics/uc_seal_blue.jpg Graphic file (type jpg)
<use graphics/uc_seal_blue.jpg>
Package pdftex.def Info: graphics/uc_seal_blue.jpg  used on input line 681.
(pdftex.def)             Requested size: 25.29494pt x 21.35965pt.
 [36

]
File: graphics/uc_seal_blue.jpg Graphic file (type jpg)
<use graphics/uc_seal_blue.jpg>
Package pdftex.def Info: graphics/uc_seal_blue.jpg  used on input line 691.
(pdftex.def)             Requested size: 25.29494pt x 21.35965pt.
 [37

]
File: graphics/uc_seal_blue.jpg Graphic file (type jpg)
<use graphics/uc_seal_blue.jpg>
Package pdftex.def Info: graphics/uc_seal_blue.jpg  used on input line 710.
(pdftex.def)             Requested size: 25.29494pt x 21.35965pt.
 [38

]
File: graphics/uc_seal_blue.jpg Graphic file (type jpg)
<use graphics/uc_seal_blue.jpg>
Package pdftex.def Info: graphics/uc_seal_blue.jpg  used on input line 729.
(pdftex.def)             Requested size: 25.29494pt x 21.35965pt.
 [39

]
File: graphics/uc_seal_blue.jpg Graphic file (type jpg)
<use graphics/uc_seal_blue.jpg>
Package pdftex.def Info: graphics/uc_seal_blue.jpg  used on input line 737.
(pdftex.def)             Requested size: 25.29494pt x 21.35965pt.
 [40

]
File: graphics/uc_seal_blue.jpg Graphic file (type jpg)
<use graphics/uc_seal_blue.jpg>
Package pdftex.def Info: graphics/uc_seal_blue.jpg  used on input line 755.
(pdftex.def)             Requested size: 25.29494pt x 21.35965pt.
 [41

]
File: graphics/uc_seal_blue.jpg Graphic file (type jpg)
<use graphics/uc_seal_blue.jpg>
Package pdftex.def Info: graphics/uc_seal_blue.jpg  used on input line 774.
(pdftex.def)             Requested size: 25.29494pt x 21.35965pt.
 [42

]
File: graphics/uc_seal_blue.jpg Graphic file (type jpg)
<use graphics/uc_seal_blue.jpg>
Package pdftex.def Info: graphics/uc_seal_blue.jpg  used on input line 784.
(pdftex.def)             Requested size: 25.29494pt x 21.35965pt.
 [43

]
File: graphics/uc_seal_blue.jpg Graphic file (type jpg)
<use graphics/uc_seal_blue.jpg>
Package pdftex.def Info: graphics/uc_seal_blue.jpg  used on input line 793.
(pdftex.def)             Requested size: 25.29494pt x 21.35965pt.

[44

]
File: graphics/uc_seal_blue.jpg Graphic file (type jpg)
<use graphics/uc_seal_blue.jpg>
Package pdftex.def Info: graphics/uc_seal_blue.jpg  used on input line 808.
(pdftex.def)             Requested size: 25.29494pt x 21.35965pt.
 [45

]
File: graphics/uc_seal_blue.jpg Graphic file (type jpg)
<use graphics/uc_seal_blue.jpg>
Package pdftex.def Info: graphics/uc_seal_blue.jpg  used on input line 817.
(pdftex.def)             Requested size: 25.29494pt x 21.35965pt.
 [46

]
File: graphics/uc_seal_blue.jpg Graphic file (type jpg)
<use graphics/uc_seal_blue.jpg>
Package pdftex.def Info: graphics/uc_seal_blue.jpg  used on input line 829.
(pdftex.def)             Requested size: 25.29494pt x 21.35965pt.
 [47

]
File: graphics/uc_seal_blue.jpg Graphic file (type jpg)
<use graphics/uc_seal_blue.jpg>
Package pdftex.def Info: graphics/uc_seal_blue.jpg  used on input line 846.
(pdftex.def)             Requested size: 25.29494pt x 21.35965pt.
 [48

]
File: graphics/uc_seal_blue.jpg Graphic file (type jpg)
<use graphics/uc_seal_blue.jpg>
Package pdftex.def Info: graphics/uc_seal_blue.jpg  used on input line 855.
(pdftex.def)             Requested size: 25.29494pt x 21.35965pt.
 [49

]
File: graphics/uc_seal_blue.jpg Graphic file (type jpg)
<use graphics/uc_seal_blue.jpg>
Package pdftex.def Info: graphics/uc_seal_blue.jpg  used on input line 867.
(pdftex.def)             Requested size: 25.29494pt x 21.35965pt.
 [50

]
File: graphics/uc_seal_blue.jpg Graphic file (type jpg)
<use graphics/uc_seal_blue.jpg>
Package pdftex.def Info: graphics/uc_seal_blue.jpg  used on input line 883.
(pdftex.def)             Requested size: 25.29494pt x 21.35965pt.
 [51

]
File: graphics/uc_seal_blue.jpg Graphic file (type jpg)
<use graphics/uc_seal_blue.jpg>
Package pdftex.def Info: graphics/uc_seal_blue.jpg  used on input line 896.
(pdftex.def)             Requested size: 25.29494pt x 21.35965pt.
 [52

]
File: graphics/uc_seal_blue.jpg Graphic file (type jpg)
<use graphics/uc_seal_blue.jpg>
Package pdftex.def Info: graphics/uc_seal_blue.jpg  used on input line 911.
(pdftex.def)             Requested size: 25.29494pt x 21.35965pt.
 [53

]
File: graphics/uc_seal_blue.jpg Graphic file (type jpg)
<use graphics/uc_seal_blue.jpg>
Package pdftex.def Info: graphics/uc_seal_blue.jpg  used on input line 921.
(pdftex.def)             Requested size: 25.29494pt x 21.35965pt.
 [54

]
File: graphics/uc_seal_blue.jpg Graphic file (type jpg)
<use graphics/uc_seal_blue.jpg>
Package pdftex.def Info: graphics/uc_seal_blue.jpg  used on input line 930.
(pdftex.def)             Requested size: 25.29494pt x 21.35965pt.
 [55

]
File: graphics/uc_seal_blue.jpg Graphic file (type jpg)
<use graphics/uc_seal_blue.jpg>
Package pdftex.def Info: graphics/uc_seal_blue.jpg  used on input line 940.
(pdftex.def)             Requested size: 25.29494pt x 21.35965pt.
 [56

]
File: graphics/uc_seal_blue.jpg Graphic file (type jpg)
<use graphics/uc_seal_blue.jpg>
Package pdftex.def Info: graphics/uc_seal_blue.jpg  used on input line 948.
(pdftex.def)             Requested size: 25.29494pt x 21.35965pt.
 [57

]
File: graphics/uc_seal_blue.jpg Graphic file (type jpg)
<use graphics/uc_seal_blue.jpg>
Package pdftex.def Info: graphics/uc_seal_blue.jpg  used on input line 1040.
(pdftex.def)             Requested size: 25.29494pt x 21.35965pt.
 [58

]
File: graphics/uc_seal_blue.jpg Graphic file (type jpg)
<use graphics/uc_seal_blue.jpg>
Package pdftex.def Info: graphics/uc_seal_blue.jpg  used on input line 1040.
(pdftex.def)             Requested size: 25.29494pt x 21.35965pt.

[59

]
File: graphics/uc_seal_blue.jpg Graphic file (type jpg)
<use graphics/uc_seal_blue.jpg>
Package pdftex.def Info: graphics/uc_seal_blue.jpg  used on input line 1040.
(pdftex.def)             Requested size: 25.29494pt x 21.35965pt.
 [60

]

Package amsmath Warning: Foreign command \atopwithdelims;
(amsmath)                \frac or \genfrac should be used instead
(amsmath)                 on input line 1040.

File: graphics/uc_seal_blue.jpg Graphic file (type jpg)
<use graphics/uc_seal_blue.jpg>
Package pdftex.def Info: graphics/uc_seal_blue.jpg  used on input line 1040.
(pdftex.def)             Requested size: 25.29494pt x 21.35965pt.
[61

]
File: graphics/uc_seal_blue.jpg Graphic file (type jpg)
<use graphics/uc_seal_blue.jpg>
Package pdftex.def Info: graphics/uc_seal_blue.jpg  used on input line 1040.
(pdftex.def)             Requested size: 25.29494pt x 21.35965pt.
 [62

]
File: graphics/uc_seal_blue.jpg Graphic file (type jpg)
<use graphics/uc_seal_blue.jpg>
Package pdftex.def Info: graphics/uc_seal_blue.jpg  used on input line 1040.
(pdftex.def)             Requested size: 25.29494pt x 21.35965pt.
 [63

]
File: graphics/uc_seal_blue.jpg Graphic file (type jpg)
<use graphics/uc_seal_blue.jpg>
Package pdftex.def Info: graphics/uc_seal_blue.jpg  used on input line 1040.
(pdftex.def)             Requested size: 25.29494pt x 21.35965pt.
 [64

]
File: graphics/uc_seal_blue.jpg Graphic file (type jpg)
<use graphics/uc_seal_blue.jpg>
Package pdftex.def Info: graphics/uc_seal_blue.jpg  used on input line 1040.
(pdftex.def)             Requested size: 25.29494pt x 21.35965pt.
 [65

]
File: graphics/uc_seal_blue.jpg Graphic file (type jpg)
<use graphics/uc_seal_blue.jpg>
Package pdftex.def Info: graphics/uc_seal_blue.jpg  used on input line 1040.
(pdftex.def)             Requested size: 25.29494pt x 21.35965pt.
 [66

]
File: graphics/uc_seal_blue.jpg Graphic file (type jpg)
<use graphics/uc_seal_blue.jpg>
Package pdftex.def Info: graphics/uc_seal_blue.jpg  used on input line 1040.
(pdftex.def)             Requested size: 25.29494pt x 21.35965pt.
 [67

]
File: graphics/uc_seal_blue.jpg Graphic file (type jpg)
<use graphics/uc_seal_blue.jpg>
Package pdftex.def Info: graphics/uc_seal_blue.jpg  used on input line 1040.
(pdftex.def)             Requested size: 25.29494pt x 21.35965pt.
 [68

]
File: graphics/uc_seal_blue.jpg Graphic file (type jpg)
<use graphics/uc_seal_blue.jpg>
Package pdftex.def Info: graphics/uc_seal_blue.jpg  used on input line 1040.
(pdftex.def)             Requested size: 25.29494pt x 21.35965pt.
 [69

]
File: graphics/uc_seal_blue.jpg Graphic file (type jpg)
<use graphics/uc_seal_blue.jpg>
Package pdftex.def Info: graphics/uc_seal_blue.jpg  used on input line 1040.
(pdftex.def)             Requested size: 25.29494pt x 21.35965pt.
 [70

]
File: graphics/uc_seal_blue.jpg Graphic file (type jpg)
<use graphics/uc_seal_blue.jpg>
Package pdftex.def Info: graphics/uc_seal_blue.jpg  used on input line 1040.
(pdftex.def)             Requested size: 25.29494pt x 21.35965pt.
 [71

]
File: graphics/uc_seal_blue.jpg Graphic file (type jpg)
<use graphics/uc_seal_blue.jpg>
Package pdftex.def Info: graphics/uc_seal_blue.jpg  used on input line 1051.
(pdftex.def)             Requested size: 25.29494pt x 21.35965pt.
 [72

]
File: graphics/uc_seal_blue.jpg Graphic file (type jpg)
<use graphics/uc_seal_blue.jpg>
Package pdftex.def Info: graphics/uc_seal_blue.jpg  used on input line 1063.
(pdftex.def)             Requested size: 25.29494pt x 21.35965pt.
 [73

]
File: graphics/uc_seal_blue.jpg Graphic file (type jpg)
<use graphics/uc_seal_blue.jpg>
Package pdftex.def Info: graphics/uc_seal_blue.jpg  used on input line 1076.
(pdftex.def)             Requested size: 25.29494pt x 21.35965pt.
 [74

]
File: graphics/uc_seal_blue.jpg Graphic file (type jpg)
<use graphics/uc_seal_blue.jpg>
Package pdftex.def Info: graphics/uc_seal_blue.jpg  used on input line 1090.
(pdftex.def)             Requested size: 25.29494pt x 21.35965pt.
 [75

]
File: graphics/uc_seal_blue.jpg Graphic file (type jpg)
<use graphics/uc_seal_blue.jpg>
Package pdftex.def Info: graphics/uc_seal_blue.jpg  used on input line 1105.
(pdftex.def)             Requested size: 25.29494pt x 21.35965pt.

[76

]
File: graphics/uc_seal_blue.jpg Graphic file (type jpg)
<use graphics/uc_seal_blue.jpg>
Package pdftex.def Info: graphics/uc_seal_blue.jpg  used on input line 1140.
(pdftex.def)             Requested size: 25.29494pt x 21.35965pt.
 [77

]
File: graphics/uc_seal_blue.jpg Graphic file (type jpg)
<use graphics/uc_seal_blue.jpg>
Package pdftex.def Info: graphics/uc_seal_blue.jpg  used on input line 1140.
(pdftex.def)             Requested size: 25.29494pt x 21.35965pt.
 [78

]
File: graphics/uc_seal_blue.jpg Graphic file (type jpg)
<use graphics/uc_seal_blue.jpg>
Package pdftex.def Info: graphics/uc_seal_blue.jpg  used on input line 1140.
(pdftex.def)             Requested size: 25.29494pt x 21.35965pt.
 [79

]
File: graphics/uc_seal_blue.jpg Graphic file (type jpg)
<use graphics/uc_seal_blue.jpg>
Package pdftex.def Info: graphics/uc_seal_blue.jpg  used on input line 1140.
(pdftex.def)             Requested size: 25.29494pt x 21.35965pt.
 [80

]
File: graphics/uc_seal_blue.jpg Graphic file (type jpg)
<use graphics/uc_seal_blue.jpg>
Package pdftex.def Info: graphics/uc_seal_blue.jpg  used on input line 1146.
(pdftex.def)             Requested size: 25.29494pt x 21.35965pt.
 [81

]
File: graphics/uc_seal_blue.jpg Graphic file (type jpg)
<use graphics/uc_seal_blue.jpg>
Package pdftex.def Info: graphics/uc_seal_blue.jpg  used on input line 1152.
(pdftex.def)             Requested size: 25.29494pt x 21.35965pt.
 [82

]
File: graphics/uc_seal_blue.jpg Graphic file (type jpg)
<use graphics/uc_seal_blue.jpg>
Package pdftex.def Info: graphics/uc_seal_blue.jpg  used on input line 1161.
(pdftex.def)             Requested size: 25.29494pt x 21.35965pt.
 [83

]
File: graphics/uc_seal_blue.jpg Graphic file (type jpg)
<use graphics/uc_seal_blue.jpg>
Package pdftex.def Info: graphics/uc_seal_blue.jpg  used on input line 1169.
(pdftex.def)             Requested size: 25.29494pt x 21.35965pt.
 [84

]
File: graphics/uc_seal_blue.jpg Graphic file (type jpg)
<use graphics/uc_seal_blue.jpg>
Package pdftex.def Info: graphics/uc_seal_blue.jpg  used on input line 1180.
(pdftex.def)             Requested size: 25.29494pt x 21.35965pt.
 [85

]
File: graphics/uc_seal_blue.jpg Graphic file (type jpg)
<use graphics/uc_seal_blue.jpg>
Package pdftex.def Info: graphics/uc_seal_blue.jpg  used on input line 1205.
(pdftex.def)             Requested size: 25.29494pt x 21.35965pt.
 [86

]
File: graphics/uc_seal_blue.jpg Graphic file (type jpg)
<use graphics/uc_seal_blue.jpg>
Package pdftex.def Info: graphics/uc_seal_blue.jpg  used on input line 1205.
(pdftex.def)             Requested size: 25.29494pt x 21.35965pt.
 [87

]
File: graphics/uc_seal_blue.jpg Graphic file (type jpg)
<use graphics/uc_seal_blue.jpg>
Package pdftex.def Info: graphics/uc_seal_blue.jpg  used on input line 1257.
(pdftex.def)             Requested size: 25.29494pt x 21.35965pt.
 [88

]
File: graphics/uc_seal_blue.jpg Graphic file (type jpg)
<use graphics/uc_seal_blue.jpg>
Package pdftex.def Info: graphics/uc_seal_blue.jpg  used on input line 1257.
(pdftex.def)             Requested size: 25.29494pt x 21.35965pt.
 [89

]
File: graphics/uc_seal_blue.jpg Graphic file (type jpg)
<use graphics/uc_seal_blue.jpg>
Package pdftex.def Info: graphics/uc_seal_blue.jpg  used on input line 1257.
(pdftex.def)             Requested size: 25.29494pt x 21.35965pt.
 [90

]
File: graphics/uc_seal_blue.jpg Graphic file (type jpg)
<use graphics/uc_seal_blue.jpg>
Package pdftex.def Info: graphics/uc_seal_blue.jpg  used on input line 1257.
(pdftex.def)             Requested size: 25.29494pt x 21.35965pt.

[91

]
File: graphics/uc_seal_blue.jpg Graphic file (type jpg)
<use graphics/uc_seal_blue.jpg>
Package pdftex.def Info: graphics/uc_seal_blue.jpg  used on input line 1257.
(pdftex.def)             Requested size: 25.29494pt x 21.35965pt.
 [92

]
File: graphics/uc_seal_blue.jpg Graphic file (type jpg)
<use graphics/uc_seal_blue.jpg>
Package pdftex.def Info: graphics/uc_seal_blue.jpg  used on input line 1257.
(pdftex.def)             Requested size: 25.29494pt x 21.35965pt.
 [93

]
File: graphics/uc_seal_blue.jpg Graphic file (type jpg)
<use graphics/uc_seal_blue.jpg>
Package pdftex.def Info: graphics/uc_seal_blue.jpg  used on input line 1271.
(pdftex.def)             Requested size: 25.29494pt x 21.35965pt.
 [94

]
File: graphics/uc_seal_blue.jpg Graphic file (type jpg)
<use graphics/uc_seal_blue.jpg>
Package pdftex.def Info: graphics/uc_seal_blue.jpg  used on input line 1282.
(pdftex.def)             Requested size: 25.29494pt x 21.35965pt.
 [95

]
File: graphics/uc_seal_blue.jpg Graphic file (type jpg)
<use graphics/uc_seal_blue.jpg>
Package pdftex.def Info: graphics/uc_seal_blue.jpg  used on input line 1296.
(pdftex.def)             Requested size: 25.29494pt x 21.35965pt.
 [96

]
File: graphics/uc_seal_blue.jpg Graphic file (type jpg)
<use graphics/uc_seal_blue.jpg>
Package pdftex.def Info: graphics/uc_seal_blue.jpg  used on input line 1303.
(pdftex.def)             Requested size: 25.29494pt x 21.35965pt.
 [97

]
File: graphics/uc_seal_blue.jpg Graphic file (type jpg)
<use graphics/uc_seal_blue.jpg>
Package pdftex.def Info: graphics/uc_seal_blue.jpg  used on input line 1309.
(pdftex.def)             Requested size: 25.29494pt x 21.35965pt.
 [98

]
File: graphics/uc_seal_blue.jpg Graphic file (type jpg)
<use graphics/uc_seal_blue.jpg>
Package pdftex.def Info: graphics/uc_seal_blue.jpg  used on input line 1353.
(pdftex.def)             Requested size: 25.29494pt x 21.35965pt.
 [99

]
File: graphics/uc_seal_blue.jpg Graphic file (type jpg)
<use graphics/uc_seal_blue.jpg>
Package pdftex.def Info: graphics/uc_seal_blue.jpg  used on input line 1377.
(pdftex.def)             Requested size: 25.29494pt x 21.35965pt.
 [100

]
File: graphics/uc_seal_blue.jpg Graphic file (type jpg)
<use graphics/uc_seal_blue.jpg>
Package pdftex.def Info: graphics/uc_seal_blue.jpg  used on input line 1390.
(pdftex.def)             Requested size: 25.29494pt x 21.35965pt.
 [101

]
File: graphics/uc_seal_blue.jpg Graphic file (type jpg)
<use graphics/uc_seal_blue.jpg>
Package pdftex.def Info: graphics/uc_seal_blue.jpg  used on input line 1426.
(pdftex.def)             Requested size: 25.29494pt x 21.35965pt.
 [102

]
File: graphics/uc_seal_blue.jpg Graphic file (type jpg)
<use graphics/uc_seal_blue.jpg>
Package pdftex.def Info: graphics/uc_seal_blue.jpg  used on input line 1448.
(pdftex.def)             Requested size: 25.29494pt x 21.35965pt.
 [103

]
File: graphics/uc_seal_blue.jpg Graphic file (type jpg)
<use graphics/uc_seal_blue.jpg>
Package pdftex.def Info: graphics/uc_seal_blue.jpg  used on input line 1485.
(pdftex.def)             Requested size: 25.29494pt x 21.35965pt.
 [104

]
File: graphics/uc_seal_blue.jpg Graphic file (type jpg)
<use graphics/uc_seal_blue.jpg>
Package pdftex.def Info: graphics/uc_seal_blue.jpg  used on input line 1520.
(pdftex.def)             Requested size: 25.29494pt x 21.35965pt.

[105

]
File: graphics/uc_seal_blue.jpg Graphic file (type jpg)
<use graphics/uc_seal_blue.jpg>
Package pdftex.def Info: graphics/uc_seal_blue.jpg  used on input line 1564.
(pdftex.def)             Requested size: 25.29494pt x 21.35965pt.
 [106

]
Overfull \hbox (16.291pt too wide) detected at line 1564
\OT1/mathkerncmss/m/sl/10 V\OT1/cmss/m/n/10 ([]) = \OT1/mathkerncmss/m/sl/10 V 
[] \OT1/cmss/m/n/10 = [] [][] \OT1/mathkerncmss/m/sl/10 V\OT1/cmss/m/n/10 ([])[
]
 []

File: graphics/uc_seal_blue.jpg Graphic file (type jpg)
<use graphics/uc_seal_blue.jpg>
Package pdftex.def Info: graphics/uc_seal_blue.jpg  used on input line 1564.
(pdftex.def)             Requested size: 25.29494pt x 21.35965pt.
[107

]
File: graphics/uc_seal_blue.jpg Graphic file (type jpg)
<use graphics/uc_seal_blue.jpg>
Package pdftex.def Info: graphics/uc_seal_blue.jpg  used on input line 1564.
(pdftex.def)             Requested size: 25.29494pt x 21.35965pt.
 [108

]
File: graphics/uc_seal_blue.jpg Graphic file (type jpg)
<use graphics/uc_seal_blue.jpg>
Package pdftex.def Info: graphics/uc_seal_blue.jpg  used on input line 1564.
(pdftex.def)             Requested size: 25.29494pt x 21.35965pt.
 [109

]
File: graphics/uc_seal_blue.jpg Graphic file (type jpg)
<use graphics/uc_seal_blue.jpg>
Package pdftex.def Info: graphics/uc_seal_blue.jpg  used on input line 1564.
(pdftex.def)             Requested size: 25.29494pt x 21.35965pt.
 [110

]
File: graphics/uc_seal_blue.jpg Graphic file (type jpg)
<use graphics/uc_seal_blue.jpg>
Package pdftex.def Info: graphics/uc_seal_blue.jpg  used on input line 1610.
(pdftex.def)             Requested size: 25.29494pt x 21.35965pt.
 [111

]
Overfull \vbox (20.29951pt too high) detected at line 1610
 []

File: graphics/uc_seal_blue.jpg Graphic file (type jpg)
<use graphics/uc_seal_blue.jpg>
Package pdftex.def Info: graphics/uc_seal_blue.jpg  used on input line 1610.
(pdftex.def)             Requested size: 25.29494pt x 21.35965pt.
[112

]
File: graphics/uc_seal_blue.jpg Graphic file (type jpg)
<use graphics/uc_seal_blue.jpg>
Package pdftex.def Info: graphics/uc_seal_blue.jpg  used on input line 1610.
(pdftex.def)             Requested size: 25.29494pt x 21.35965pt.
 [113

]
File: graphics/uc_seal_blue.jpg Graphic file (type jpg)
<use graphics/uc_seal_blue.jpg>
Package pdftex.def Info: graphics/uc_seal_blue.jpg  used on input line 1610.
(pdftex.def)             Requested size: 25.29494pt x 21.35965pt.
 [114

]
File: graphics/uc_seal_blue.jpg Graphic file (type jpg)
<use graphics/uc_seal_blue.jpg>
Package pdftex.def Info: graphics/uc_seal_blue.jpg  used on input line 1610.
(pdftex.def)             Requested size: 25.29494pt x 21.35965pt.
 [115

]
File: graphics/uc_seal_blue.jpg Graphic file (type jpg)
<use graphics/uc_seal_blue.jpg>
Package pdftex.def Info: graphics/uc_seal_blue.jpg  used on input line 1629.
(pdftex.def)             Requested size: 25.29494pt x 21.35965pt.
 [116

]
File: graphics/uc_seal_blue.jpg Graphic file (type jpg)
<use graphics/uc_seal_blue.jpg>
Package pdftex.def Info: graphics/uc_seal_blue.jpg  used on input line 1629.
(pdftex.def)             Requested size: 25.29494pt x 21.35965pt.
 [117

]
File: graphics/uc_seal_blue.jpg Graphic file (type jpg)
<use graphics/uc_seal_blue.jpg>
Package pdftex.def Info: graphics/uc_seal_blue.jpg  used on input line 1673.
(pdftex.def)             Requested size: 25.29494pt x 21.35965pt.
 [118

]
File: graphics/uc_seal_blue.jpg Graphic file (type jpg)
<use graphics/uc_seal_blue.jpg>
Package pdftex.def Info: graphics/uc_seal_blue.jpg  used on input line 1673.
(pdftex.def)             Requested size: 25.29494pt x 21.35965pt.
 [119

]
File: graphics/uc_seal_blue.jpg Graphic file (type jpg)
<use graphics/uc_seal_blue.jpg>
Package pdftex.def Info: graphics/uc_seal_blue.jpg  used on input line 1673.
(pdftex.def)             Requested size: 25.29494pt x 21.35965pt.
 [120

]
File: graphics/uc_seal_blue.jpg Graphic file (type jpg)
<use graphics/uc_seal_blue.jpg>
Package pdftex.def Info: graphics/uc_seal_blue.jpg  used on input line 1673.
(pdftex.def)             Requested size: 25.29494pt x 21.35965pt.
 [121

]
File: graphics/uc_seal_blue.jpg Graphic file (type jpg)
<use graphics/uc_seal_blue.jpg>
Package pdftex.def Info: graphics/uc_seal_blue.jpg  used on input line 1712.
(pdftex.def)             Requested size: 25.29494pt x 21.35965pt.
 [122

]
File: graphics/uc_seal_blue.jpg Graphic file (type jpg)
<use graphics/uc_seal_blue.jpg>
Package pdftex.def Info: graphics/uc_seal_blue.jpg  used on input line 1712.
(pdftex.def)             Requested size: 25.29494pt x 21.35965pt.
 [123

]
File: graphics/uc_seal_blue.jpg Graphic file (type jpg)
<use graphics/uc_seal_blue.jpg>
Package pdftex.def Info: graphics/uc_seal_blue.jpg  used on input line 1712.
(pdftex.def)             Requested size: 25.29494pt x 21.35965pt.

[124

]
File: graphics/uc_seal_blue.jpg Graphic file (type jpg)
<use graphics/uc_seal_blue.jpg>
Package pdftex.def Info: graphics/uc_seal_blue.jpg  used on input line 1732.
(pdftex.def)             Requested size: 25.29494pt x 21.35965pt.
 [125

]
File: graphics/uc_seal_blue.jpg Graphic file (type jpg)
<use graphics/uc_seal_blue.jpg>
Package pdftex.def Info: graphics/uc_seal_blue.jpg  used on input line 1732.
(pdftex.def)             Requested size: 25.29494pt x 21.35965pt.
 [126

]
Overfull \hbox (14.86172pt too wide) in paragraph at lines 1764--1764
[][][][]  
 []

File: graphics/uc_seal_blue.jpg Graphic file (type jpg)
<use graphics/uc_seal_blue.jpg>
Package pdftex.def Info: graphics/uc_seal_blue.jpg  used on input line 1764.
(pdftex.def)             Requested size: 25.29494pt x 21.35965pt.
[127

]
Overfull \hbox (14.86172pt too wide) in paragraph at lines 1764--1764
[][][][]  
 []

File: graphics/uc_seal_blue.jpg Graphic file (type jpg)
<use graphics/uc_seal_blue.jpg>
Package pdftex.def Info: graphics/uc_seal_blue.jpg  used on input line 1764.
(pdftex.def)             Requested size: 25.29494pt x 21.35965pt.
[128

]
Overfull \hbox (14.86172pt too wide) in paragraph at lines 1764--1764
[][][][]  
 []

File: graphics/uc_seal_blue.jpg Graphic file (type jpg)
<use graphics/uc_seal_blue.jpg>
Package pdftex.def Info: graphics/uc_seal_blue.jpg  used on input line 1764.
(pdftex.def)             Requested size: 25.29494pt x 21.35965pt.
[129

]
File: graphics/uc_seal_blue.jpg Graphic file (type jpg)
<use graphics/uc_seal_blue.jpg>
Package pdftex.def Info: graphics/uc_seal_blue.jpg  used on input line 1816.
(pdftex.def)             Requested size: 25.29494pt x 21.35965pt.
 [130

]
File: graphics/uc_seal_blue.jpg Graphic file (type jpg)
<use graphics/uc_seal_blue.jpg>
Package pdftex.def Info: graphics/uc_seal_blue.jpg  used on input line 1816.
(pdftex.def)             Requested size: 25.29494pt x 21.35965pt.
 [131

]
File: graphics/uc_seal_blue.jpg Graphic file (type jpg)
<use graphics/uc_seal_blue.jpg>
Package pdftex.def Info: graphics/uc_seal_blue.jpg  used on input line 1816.
(pdftex.def)             Requested size: 25.29494pt x 21.35965pt.
 [132

]
File: graphics/uc_seal_blue.jpg Graphic file (type jpg)
<use graphics/uc_seal_blue.jpg>
Package pdftex.def Info: graphics/uc_seal_blue.jpg  used on input line 1816.
(pdftex.def)             Requested size: 25.29494pt x 21.35965pt.
 [133

]
File: graphics/uc_seal_blue.jpg Graphic file (type jpg)
<use graphics/uc_seal_blue.jpg>
Package pdftex.def Info: graphics/uc_seal_blue.jpg  used on input line 1826.
(pdftex.def)             Requested size: 25.29494pt x 21.35965pt.
 [134

]
File: graphics/uc_seal_blue.jpg Graphic file (type jpg)
<use graphics/uc_seal_blue.jpg>
Package pdftex.def Info: graphics/uc_seal_blue.jpg  used on input line 1890.
(pdftex.def)             Requested size: 25.29494pt x 21.35965pt.
 [135

]
File: graphics/uc_seal_blue.jpg Graphic file (type jpg)
<use graphics/uc_seal_blue.jpg>
Package pdftex.def Info: graphics/uc_seal_blue.jpg  used on input line 1890.
(pdftex.def)             Requested size: 25.29494pt x 21.35965pt.
 [136

]
File: graphics/uc_seal_blue.jpg Graphic file (type jpg)
<use graphics/uc_seal_blue.jpg>
Package pdftex.def Info: graphics/uc_seal_blue.jpg  used on input line 1890.
(pdftex.def)             Requested size: 25.29494pt x 21.35965pt.
 [137

]
File: graphics/uc_seal_blue.jpg Graphic file (type jpg)
<use graphics/uc_seal_blue.jpg>
Package pdftex.def Info: graphics/uc_seal_blue.jpg  used on input line 1890.
(pdftex.def)             Requested size: 25.29494pt x 21.35965pt.
 [138

]
File: graphics/uc_seal_blue.jpg Graphic file (type jpg)
<use graphics/uc_seal_blue.jpg>
Package pdftex.def Info: graphics/uc_seal_blue.jpg  used on input line 1890.
(pdftex.def)             Requested size: 25.29494pt x 21.35965pt.
 [139

]
File: graphics/uc_seal_blue.jpg Graphic file (type jpg)
<use graphics/uc_seal_blue.jpg>
Package pdftex.def Info: graphics/uc_seal_blue.jpg  used on input line 1890.
(pdftex.def)             Requested size: 25.29494pt x 21.35965pt.
 [140

]
File: graphics/uc_seal_blue.jpg Graphic file (type jpg)
<use graphics/uc_seal_blue.jpg>
Package pdftex.def Info: graphics/uc_seal_blue.jpg  used on input line 1890.
(pdftex.def)             Requested size: 25.29494pt x 21.35965pt.

[141

]
File: graphics/uc_seal_blue.jpg Graphic file (type jpg)
<use graphics/uc_seal_blue.jpg>
Package pdftex.def Info: graphics/uc_seal_blue.jpg  used on input line 1890.
(pdftex.def)             Requested size: 25.29494pt x 21.35965pt.
 [142

]
File: graphics/uc_seal_blue.jpg Graphic file (type jpg)
<use graphics/uc_seal_blue.jpg>
Package pdftex.def Info: graphics/uc_seal_blue.jpg  used on input line 1890.
(pdftex.def)             Requested size: 25.29494pt x 21.35965pt.
 [143

]
File: graphics/uc_seal_blue.jpg Graphic file (type jpg)
<use graphics/uc_seal_blue.jpg>
Package pdftex.def Info: graphics/uc_seal_blue.jpg  used on input line 1890.
(pdftex.def)             Requested size: 25.29494pt x 21.35965pt.
 [144

]
File: graphics/uc_seal_blue.jpg Graphic file (type jpg)
<use graphics/uc_seal_blue.jpg>
Package pdftex.def Info: graphics/uc_seal_blue.jpg  used on input line 1922.
(pdftex.def)             Requested size: 25.29494pt x 21.35965pt.
 [145

]
Overfull \vbox (3.87357pt too high) detected at line 1958
 []

File: graphics/uc_seal_blue.jpg Graphic file (type jpg)
<use graphics/uc_seal_blue.jpg>
Package pdftex.def Info: graphics/uc_seal_blue.jpg  used on input line 1958.
(pdftex.def)             Requested size: 25.29494pt x 21.35965pt.
[146

]
File: graphics/uc_seal_blue.jpg Graphic file (type jpg)
<use graphics/uc_seal_blue.jpg>
Package pdftex.def Info: graphics/uc_seal_blue.jpg  used on input line 1990.
(pdftex.def)             Requested size: 25.29494pt x 21.35965pt.
 [147

]
File: graphics/uc_seal_blue.jpg Graphic file (type jpg)
<use graphics/uc_seal_blue.jpg>
Package pdftex.def Info: graphics/uc_seal_blue.jpg  used on input line 2022.
(pdftex.def)             Requested size: 25.29494pt x 21.35965pt.
 [148

]
File: graphics/uc_seal_blue.jpg Graphic file (type jpg)
<use graphics/uc_seal_blue.jpg>
Package pdftex.def Info: graphics/uc_seal_blue.jpg  used on input line 2050.
(pdftex.def)             Requested size: 25.29494pt x 21.35965pt.
 [149

]
File: graphics/uc_seal_blue.jpg Graphic file (type jpg)
<use graphics/uc_seal_blue.jpg>
Package pdftex.def Info: graphics/uc_seal_blue.jpg  used on input line 2078.
(pdftex.def)             Requested size: 25.29494pt x 21.35965pt.
 [150

]
LaTeX Font Info:    Font shape `OT1/cmtt/bx/n' in size <10> not available
(Font)              Font shape `OT1/cmtt/m/n' tried instead on input line 2085.


Overfull \hbox (18.20729pt too wide) in paragraph at lines 2086--2086
[][]\OT1/cmtt/m/n/10 hist[][](sampDistEst[][]$[][]t.srs,[] []main[] []=[] []""[
][],[] []xlab[] []=[] []"SRS Estimate of t"[][],[][] 
 []


Overfull \hbox (23.45724pt too wide) in paragraph at lines 2089--2089
[][]\OT1/cmtt/m/n/10 hist[][](sampDistEst[][]$[][]t.yr,[] []main[] []=[] []""[]
[],[] []xlab[] []=[] []"Ratio estimate of t"[][],[][] 
 []

File: graphics/uc_seal_blue.jpg Graphic file (type jpg)
<use graphics/uc_seal_blue.jpg>
Package pdftex.def Info: graphics/uc_seal_blue.jpg  used on input line 2096.
(pdftex.def)             Requested size: 25.29494pt x 21.35965pt.
[151

]
<figure/unnamed-chunk-25-1.pdf, id=1153, 505.89pt x 505.89pt>
File: figure/unnamed-chunk-25-1.pdf Graphic file (type pdf)
<use figure/unnamed-chunk-25-1.pdf>
Package pdftex.def Info: figure/unnamed-chunk-25-1.pdf  used on input line 2105
.
(pdftex.def)             Requested size: 215.10196pt x 215.1046pt.

Overfull \vbox (7.97818pt too high) detected at line 2112
 []

File: graphics/uc_seal_blue.jpg Graphic file (type jpg)
<use graphics/uc_seal_blue.jpg>
Package pdftex.def Info: graphics/uc_seal_blue.jpg  used on input line 2112.
(pdftex.def)             Requested size: 25.29494pt x 21.35965pt.
[152

 <./figure/unnamed-chunk-25-1.pdf>]
File: graphics/uc_seal_blue.jpg Graphic file (type jpg)
<use graphics/uc_seal_blue.jpg>
Package pdftex.def Info: graphics/uc_seal_blue.jpg  used on input line 2122.
(pdftex.def)             Requested size: 25.29494pt x 21.35965pt.
 [153

]
File: graphics/uc_seal_blue.jpg Graphic file (type jpg)
<use graphics/uc_seal_blue.jpg>
Package pdftex.def Info: graphics/uc_seal_blue.jpg  used on input line 2128.
(pdftex.def)             Requested size: 25.29494pt x 21.35965pt.
 [154

]
File: graphics/uc_seal_blue.jpg Graphic file (type jpg)
<use graphics/uc_seal_blue.jpg>
Package pdftex.def Info: graphics/uc_seal_blue.jpg  used on input line 2143.
(pdftex.def)             Requested size: 25.29494pt x 21.35965pt.
 [155

]
File: graphics/uc_seal_blue.jpg Graphic file (type jpg)
<use graphics/uc_seal_blue.jpg>
Package pdftex.def Info: graphics/uc_seal_blue.jpg  used on input line 2180.
(pdftex.def)             Requested size: 25.29494pt x 21.35965pt.
 [156

]
<figure/unnamed-chunk-27-1.pdf, id=1188, 505.89pt x 505.89pt>
File: figure/unnamed-chunk-27-1.pdf Graphic file (type pdf)
<use figure/unnamed-chunk-27-1.pdf>
Package pdftex.def Info: figure/unnamed-chunk-27-1.pdf  used on input line 2196
.
(pdftex.def)             Requested size: 153.64493pt x 153.64394pt.
File: graphics/uc_seal_blue.jpg Graphic file (type jpg)
<use graphics/uc_seal_blue.jpg>
Package pdftex.def Info: graphics/uc_seal_blue.jpg  used on input line 2203.
(pdftex.def)             Requested size: 25.29494pt x 21.35965pt.
 [157

 <./figure/unnamed-chunk-27-1.pdf>]
File: graphics/uc_seal_blue.jpg Graphic file (type jpg)
<use graphics/uc_seal_blue.jpg>
Package pdftex.def Info: graphics/uc_seal_blue.jpg  used on input line 2222.
(pdftex.def)             Requested size: 25.29494pt x 21.35965pt.
 [158

]
File: graphics/uc_seal_blue.jpg Graphic file (type jpg)
<use graphics/uc_seal_blue.jpg>
Package pdftex.def Info: graphics/uc_seal_blue.jpg  used on input line 2231.
(pdftex.def)             Requested size: 25.29494pt x 21.35965pt.
 [159

]
File: graphics/uc_seal_blue.jpg Graphic file (type jpg)
<use graphics/uc_seal_blue.jpg>
Package pdftex.def Info: graphics/uc_seal_blue.jpg  used on input line 2241.
(pdftex.def)             Requested size: 25.29494pt x 21.35965pt.
 [160

]
File: graphics/uc_seal_blue.jpg Graphic file (type jpg)
<use graphics/uc_seal_blue.jpg>
Package pdftex.def Info: graphics/uc_seal_blue.jpg  used on input line 2251.
(pdftex.def)             Requested size: 25.29494pt x 21.35965pt.
 [161

]
File: graphics/uc_seal_blue.jpg Graphic file (type jpg)
<use graphics/uc_seal_blue.jpg>
Package pdftex.def Info: graphics/uc_seal_blue.jpg  used on input line 2258.
(pdftex.def)             Requested size: 25.29494pt x 21.35965pt.
 [162

]
File: graphics/uc_seal_blue.jpg Graphic file (type jpg)
<use graphics/uc_seal_blue.jpg>
Package pdftex.def Info: graphics/uc_seal_blue.jpg  used on input line 2268.
(pdftex.def)             Requested size: 25.29494pt x 21.35965pt.
 [163

]
File: graphics/uc_seal_blue.jpg Graphic file (type jpg)
<use graphics/uc_seal_blue.jpg>
Package pdftex.def Info: graphics/uc_seal_blue.jpg  used on input line 2279.
(pdftex.def)             Requested size: 25.29494pt x 21.35965pt.
 [164

]

LaTeX Font Warning: Font shape `OMS/cmtt/m/it' undefined
(Font)              using `OMS/cmtt/m/n' instead
(Font)              for symbol `textbackslash' on input line 2305.

File: graphics/uc_seal_blue.jpg Graphic file (type jpg)
<use graphics/uc_seal_blue.jpg>
Package pdftex.def Info: graphics/uc_seal_blue.jpg  used on input line 2313.
(pdftex.def)             Requested size: 25.29494pt x 21.35965pt.
[165

]
File: graphics/uc_seal_blue.jpg Graphic file (type jpg)
<use graphics/uc_seal_blue.jpg>
Package pdftex.def Info: graphics/uc_seal_blue.jpg  used on input line 2319.
(pdftex.def)             Requested size: 25.29494pt x 21.35965pt.
 [166

]
File: graphics/uc_seal_blue.jpg Graphic file (type jpg)
<use graphics/uc_seal_blue.jpg>
Package pdftex.def Info: graphics/uc_seal_blue.jpg  used on input line 2391.
(pdftex.def)             Requested size: 25.29494pt x 21.35965pt.
 [167

]
File: graphics/uc_seal_blue.jpg Graphic file (type jpg)
<use graphics/uc_seal_blue.jpg>
Package pdftex.def Info: graphics/uc_seal_blue.jpg  used on input line 2391.
(pdftex.def)             Requested size: 25.29494pt x 21.35965pt.
 [168

]
File: graphics/uc_seal_blue.jpg Graphic file (type jpg)
<use graphics/uc_seal_blue.jpg>
Package pdftex.def Info: graphics/uc_seal_blue.jpg  used on input line 2391.
(pdftex.def)             Requested size: 25.29494pt x 21.35965pt.
 [169

]
File: graphics/uc_seal_blue.jpg Graphic file (type jpg)
<use graphics/uc_seal_blue.jpg>
Package pdftex.def Info: graphics/uc_seal_blue.jpg  used on input line 2391.
(pdftex.def)             Requested size: 25.29494pt x 21.35965pt.
 [170

]
File: graphics/uc_seal_blue.jpg Graphic file (type jpg)
<use graphics/uc_seal_blue.jpg>
Package pdftex.def Info: graphics/uc_seal_blue.jpg  used on input line 2391.
(pdftex.def)             Requested size: 25.29494pt x 21.35965pt.
 [171

]
File: graphics/uc_seal_blue.jpg Graphic file (type jpg)
<use graphics/uc_seal_blue.jpg>
Package pdftex.def Info: graphics/uc_seal_blue.jpg  used on input line 2391.
(pdftex.def)             Requested size: 25.29494pt x 21.35965pt.
 [172

]
File: graphics/uc_seal_blue.jpg Graphic file (type jpg)
<use graphics/uc_seal_blue.jpg>
Package pdftex.def Info: graphics/uc_seal_blue.jpg  used on input line 2391.
(pdftex.def)             Requested size: 25.29494pt x 21.35965pt.
 [173

]
File: graphics/uc_seal_blue.jpg Graphic file (type jpg)
<use graphics/uc_seal_blue.jpg>
Package pdftex.def Info: graphics/uc_seal_blue.jpg  used on input line 2403.
(pdftex.def)             Requested size: 25.29494pt x 21.35965pt.
 [174

]
File: graphics/uc_seal_blue.jpg Graphic file (type jpg)
<use graphics/uc_seal_blue.jpg>
Package pdftex.def Info: graphics/uc_seal_blue.jpg  used on input line 2420.
(pdftex.def)             Requested size: 25.29494pt x 21.35965pt.
 [175

]
File: graphics/uc_seal_blue.jpg Graphic file (type jpg)
<use graphics/uc_seal_blue.jpg>
Package pdftex.def Info: graphics/uc_seal_blue.jpg  used on input line 2446.
(pdftex.def)             Requested size: 25.29494pt x 21.35965pt.
 [176

]
Overfull \hbox (18.73134pt too wide) in paragraph at lines 2454--2454
[]    []\OT1/cmtt/m/n/9 xlab[] []=[] []"Photo of Dead Trees"[][],[] []ylab[] []
=[] []"Field Count of Dead Trees"[][])[][] 
 []

File: graphics/uc_seal_blue.jpg Graphic file (type jpg)
<use graphics/uc_seal_blue.jpg>
Package pdftex.def Info: graphics/uc_seal_blue.jpg  used on input line 2461.
(pdftex.def)             Requested size: 25.29494pt x 21.35965pt.
[177

]
<figure/unnamed-chunk-33-1.pdf, id=1323, 505.89pt x 505.89pt>
File: figure/unnamed-chunk-33-1.pdf Graphic file (type pdf)
<use figure/unnamed-chunk-33-1.pdf>
Package pdftex.def Info: figure/unnamed-chunk-33-1.pdf  used on input line 2471
.
(pdftex.def)             Requested size: 215.10196pt x 215.1046pt.
File: graphics/uc_seal_blue.jpg Graphic file (type jpg)
<use graphics/uc_seal_blue.jpg>
Package pdftex.def Info: graphics/uc_seal_blue.jpg  used on input line 2478.
(pdftex.def)             Requested size: 25.29494pt x 21.35965pt.
 [178

 <./figure/unnamed-chunk-33-1.pdf>]
File: graphics/uc_seal_blue.jpg Graphic file (type jpg)
<use graphics/uc_seal_blue.jpg>
Package pdftex.def Info: graphics/uc_seal_blue.jpg  used on input line 2494.
(pdftex.def)             Requested size: 25.29494pt x 21.35965pt.
 [179

]
File: graphics/uc_seal_blue.jpg Graphic file (type jpg)
<use graphics/uc_seal_blue.jpg>
Package pdftex.def Info: graphics/uc_seal_blue.jpg  used on input line 2507.
(pdftex.def)             Requested size: 25.29494pt x 21.35965pt.
 [180

]
File: graphics/uc_seal_blue.jpg Graphic file (type jpg)
<use graphics/uc_seal_blue.jpg>
Package pdftex.def Info: graphics/uc_seal_blue.jpg  used on input line 2536.
(pdftex.def)             Requested size: 25.29494pt x 21.35965pt.
 [181

]
File: graphics/uc_seal_blue.jpg Graphic file (type jpg)
<use graphics/uc_seal_blue.jpg>
Package pdftex.def Info: graphics/uc_seal_blue.jpg  used on input line 2560.
(pdftex.def)             Requested size: 25.29494pt x 21.35965pt.
 [182

]
File: graphics/uc_seal_blue.jpg Graphic file (type jpg)
<use graphics/uc_seal_blue.jpg>
Package pdftex.def Info: graphics/uc_seal_blue.jpg  used on input line 2573.
(pdftex.def)             Requested size: 25.29494pt x 21.35965pt.
 [183

]
File: graphics/uc_seal_blue.jpg Graphic file (type jpg)
<use graphics/uc_seal_blue.jpg>
Package pdftex.def Info: graphics/uc_seal_blue.jpg  used on input line 2579.
(pdftex.def)             Requested size: 25.29494pt x 21.35965pt.

[184

]
File: graphics/uc_seal_blue.jpg Graphic file (type jpg)
<use graphics/uc_seal_blue.jpg>
Package pdftex.def Info: graphics/uc_seal_blue.jpg  used on input line 2597.
(pdftex.def)             Requested size: 25.29494pt x 21.35965pt.
 [185

]
File: graphics/uc_seal_blue.jpg Graphic file (type jpg)
<use graphics/uc_seal_blue.jpg>
Package pdftex.def Info: graphics/uc_seal_blue.jpg  used on input line 2610.
(pdftex.def)             Requested size: 25.29494pt x 21.35965pt.
 [186

]
File: graphics/uc_seal_blue.jpg Graphic file (type jpg)
<use graphics/uc_seal_blue.jpg>
Package pdftex.def Info: graphics/uc_seal_blue.jpg  used on input line 2620.
(pdftex.def)             Requested size: 25.29494pt x 21.35965pt.
 [187

]
File: graphics/uc_seal_blue.jpg Graphic file (type jpg)
<use graphics/uc_seal_blue.jpg>
Package pdftex.def Info: graphics/uc_seal_blue.jpg  used on input line 2629.
(pdftex.def)             Requested size: 25.29494pt x 21.35965pt.
 [188

]
File: graphics/uc_seal_blue.jpg Graphic file (type jpg)
<use graphics/uc_seal_blue.jpg>
Package pdftex.def Info: graphics/uc_seal_blue.jpg  used on input line 2642.
(pdftex.def)             Requested size: 25.29494pt x 21.35965pt.
 [189

]
File: graphics/uc_seal_blue.jpg Graphic file (type jpg)
<use graphics/uc_seal_blue.jpg>
Package pdftex.def Info: graphics/uc_seal_blue.jpg  used on input line 2652.
(pdftex.def)             Requested size: 25.29494pt x 21.35965pt.
 [190

]
File: graphics/uc_seal_blue.jpg Graphic file (type jpg)
<use graphics/uc_seal_blue.jpg>
Package pdftex.def Info: graphics/uc_seal_blue.jpg  used on input line 2675.
(pdftex.def)             Requested size: 25.29494pt x 21.35965pt.
 [191

]
File: graphics/uc_seal_blue.jpg Graphic file (type jpg)
<use graphics/uc_seal_blue.jpg>
Package pdftex.def Info: graphics/uc_seal_blue.jpg  used on input line 2675.
(pdftex.def)             Requested size: 25.29494pt x 21.35965pt.
 [192

]
File: graphics/uc_seal_blue.jpg Graphic file (type jpg)
<use graphics/uc_seal_blue.jpg>
Package pdftex.def Info: graphics/uc_seal_blue.jpg  used on input line 2689.
(pdftex.def)             Requested size: 25.29494pt x 21.35965pt.
 [193

]
File: graphics/uc_seal_blue.jpg Graphic file (type jpg)
<use graphics/uc_seal_blue.jpg>
Package pdftex.def Info: graphics/uc_seal_blue.jpg  used on input line 2710.
(pdftex.def)             Requested size: 25.29494pt x 21.35965pt.
 [194

]
File: graphics/uc_seal_blue.jpg Graphic file (type jpg)
<use graphics/uc_seal_blue.jpg>
Package pdftex.def Info: graphics/uc_seal_blue.jpg  used on input line 2710.
(pdftex.def)             Requested size: 25.29494pt x 21.35965pt.
 [195

]
File: graphics/uc_seal_blue.jpg Graphic file (type jpg)
<use graphics/uc_seal_blue.jpg>
Package pdftex.def Info: graphics/uc_seal_blue.jpg  used on input line 2728.
(pdftex.def)             Requested size: 25.29494pt x 21.35965pt.

[196

]
File: graphics/uc_seal_blue.jpg Graphic file (type jpg)
<use graphics/uc_seal_blue.jpg>
Package pdftex.def Info: graphics/uc_seal_blue.jpg  used on input line 2747.
(pdftex.def)             Requested size: 25.29494pt x 21.35965pt.
 [197

]
File: graphics/uc_seal_blue.jpg Graphic file (type jpg)
<use graphics/uc_seal_blue.jpg>
Package pdftex.def Info: graphics/uc_seal_blue.jpg  used on input line 2778.
(pdftex.def)             Requested size: 25.29494pt x 21.35965pt.
 [198

]
File: graphics/uc_seal_blue.jpg Graphic file (type jpg)
<use graphics/uc_seal_blue.jpg>
Package pdftex.def Info: graphics/uc_seal_blue.jpg  used on input line 2807.
(pdftex.def)             Requested size: 25.29494pt x 21.35965pt.
 [199

]
File: graphics/uc_seal_blue.jpg Graphic file (type jpg)
<use graphics/uc_seal_blue.jpg>
Package pdftex.def Info: graphics/uc_seal_blue.jpg  used on input line 2845.
(pdftex.def)             Requested size: 25.29494pt x 21.35965pt.
 [200

]
File: graphics/uc_seal_blue.jpg Graphic file (type jpg)
<use graphics/uc_seal_blue.jpg>
Package pdftex.def Info: graphics/uc_seal_blue.jpg  used on input line 2875.
(pdftex.def)             Requested size: 25.29494pt x 21.35965pt.
 [201

]
File: graphics/uc_seal_blue.jpg Graphic file (type jpg)
<use graphics/uc_seal_blue.jpg>
Package pdftex.def Info: graphics/uc_seal_blue.jpg  used on input line 2894.
(pdftex.def)             Requested size: 25.29494pt x 21.35965pt.
 [202

]
\tf@nav=\write6
\openout6 = `SurveySamplingDesignReview_Par1.nav'.

\tf@toc=\write7
\openout7 = `SurveySamplingDesignReview_Par1.toc'.

\tf@snm=\write8
\openout8 = `SurveySamplingDesignReview_Par1.snm'.

Package atveryend Info: Empty hook `BeforeClearDocument' on input line 2904.
Package atveryend Info: Empty hook `AfterLastShipout' on input line 2904.

(./SurveySamplingDesignReview_Par1.aux)
Package atveryend Info: Executing hook `AtVeryEndDocument' on input line 2904.
Package atveryend Info: Executing hook `AtEndAfterFileList' on input line 2904.

Package rerunfilecheck Info: File `SurveySamplingDesignReview_Par1.out' has not
 changed.
(rerunfilecheck)             Checksum: 1CBBCF870707F6E2AB0B7FBE8C99DBF8;2117.


LaTeX Font Warning: Some font shapes were not available, defaults substituted.

 ) 
Here is how much of TeX's memory you used:
 22880 strings out of 480608
 441663 string characters out of 5903631
 706296 words of memory out of 5000000
 37769 multiletter control sequences out of 15000+600000
 547792 words of font info for 80 fonts, out of 8000000 for 9000
 1141 hyphenation exceptions out of 8191
 58i,20n,67p,866b,710s stack positions out of 5000i,500n,10000p,200000b,80000s
</usr/local/texlive/2020/texmf-dist/fonts/type1/public/amsfonts/cm/cmex10.pfb
></usr/local/texlive/2020/texmf-dist/fonts/type1/public/amsfonts/cmextra/cmex7.
pfb></usr/local/texlive/2020/texmf-dist/fonts/type1/public/amsfonts/cmextra/cme
x9.pfb></usr/local/texlive/2020/texmf-dist/fonts/type1/public/amsfonts/cm/cmitt
10.pfb></usr/local/texlive/2020/texmf-dist/fonts/type1/public/amsfonts/cm/cmmi1
0.pfb></usr/local/texlive/2020/texmf-dist/fonts/type1/public/amsfonts/cm/cmmi12
.pfb></usr/local/texlive/2020/texmf-dist/fonts/type1/public/amsfonts/cm/cmmi5.p
fb></usr/local/texlive/2020/texmf-dist/fonts/type1/public/amsfonts/cm/cmmi6.pfb
></usr/local/texlive/2020/texmf-dist/fonts/type1/public/amsfonts/cm/cmmi7.pfb><
/usr/local/texlive/2020/texmf-dist/fonts/type1/public/amsfonts/cm/cmmi9.pfb></u
sr/local/texlive/2020/texmf-dist/fonts/type1/public/amsfonts/cm/cmr10.pfb></usr
/local/texlive/2020/texmf-dist/fonts/type1/public/amsfonts/cm/cmss10.pfb></usr/
local/texlive/2020/texmf-dist/fonts/type1/public/amsfonts/cm/cmss12.pfb></usr/l
ocal/texlive/2020/texmf-dist/fonts/type1/public/amsfonts/cm/cmss8.pfb></usr/loc
al/texlive/2020/texmf-dist/fonts/type1/public/amsfonts/cm/cmss9.pfb></usr/local
/texlive/2020/texmf-dist/fonts/type1/public/amsfonts/cm/cmssbx10.pfb></usr/loca
l/texlive/2020/texmf-dist/fonts/type1/public/amsfonts/cm/cmssi10.pfb></usr/loca
l/texlive/2020/texmf-dist/fonts/type1/public/amsfonts/cm/cmssi12.pfb></usr/loca
l/texlive/2020/texmf-dist/fonts/type1/public/amsfonts/cm/cmssi8.pfb></usr/local
/texlive/2020/texmf-dist/fonts/type1/public/amsfonts/cm/cmssi9.pfb></usr/local/
texlive/2020/texmf-dist/fonts/type1/public/amsfonts/cm/cmsy10.pfb></usr/local/t
exlive/2020/texmf-dist/fonts/type1/public/amsfonts/cm/cmsy5.pfb></usr/local/tex
live/2020/texmf-dist/fonts/type1/public/amsfonts/cm/cmsy6.pfb></usr/local/texli
ve/2020/texmf-dist/fonts/type1/public/amsfonts/cm/cmsy7.pfb></usr/local/texlive
/2020/texmf-dist/fonts/type1/public/amsfonts/cm/cmsy9.pfb></usr/local/texlive/2
020/texmf-dist/fonts/type1/public/amsfonts/cm/cmtt10.pfb></usr/local/texlive/20
20/texmf-dist/fonts/type1/public/amsfonts/cm/cmtt8.pfb></usr/local/texlive/2020
/texmf-dist/fonts/type1/public/amsfonts/cm/cmtt9.pfb>
Output written on SurveySamplingDesignReview_Par1.pdf (202 pages, 2064404 bytes
).
PDF statistics:
 1673 PDF objects out of 1728 (max. 8388607)
 1399 compressed objects within 14 object streams
 433 named destinations out of 1000 (max. 500000)
 354 words of extra memory for PDF output out of 10000 (max. 10000000)

